[31-Jul-2019 06:56:18 Europe/Moscow] PHP Fatal error:  Uncaught Error: Class 'R' not found in C:\Users\Admin\Documents\GitHub\phpProject\OSPanel\domains\MStore\models\Category.php:10
Stack trace:
#0 C:\Users\Admin\Documents\GitHub\phpProject\OSPanel\domains\MStore\controllers\ProductController.php(11): Category::getCategoryList()
#1 C:\Users\Admin\Documents\GitHub\phpProject\OSPanel\domains\MStore\components\Router.php(59): ProductController->actionView('1')
#2 C:\Users\Admin\Documents\GitHub\phpProject\OSPanel\domains\MStore\index.php(18): Router->run()
#3 {main}
  thrown in C:\Users\Admin\Documents\GitHub\phpProject\OSPanel\domains\MStore\models\Category.php on line 10
[31-Jul-2019 06:57:27 Europe/Moscow] PHP Notice:  Undefined variable: latestProducts in C:\Users\Admin\Documents\GitHub\phpProject\OSPanel\domains\MStore\views\layouts\newProduct.php on line 3
[31-Jul-2019 06:57:27 Europe/Moscow] PHP Warning:  Invalid argument supplied for foreach() in C:\Users\Admin\Documents\GitHub\phpProject\OSPanel\domains\MStore\views\layouts\newProduct.php on line 3
[31-Jul-2019 06:58:07 Europe/Moscow] PHP Fatal error:  Uncaught Error: Class 'Product' not found in C:\Users\Admin\Documents\GitHub\phpProject\OSPanel\domains\MStore\controllers\ProductController.php:13
Stack trace:
#0 C:\Users\Admin\Documents\GitHub\phpProject\OSPanel\domains\MStore\components\Router.php(59): ProductController->actionView('1')
#1 C:\Users\Admin\Documents\GitHub\phpProject\OSPanel\domains\MStore\index.php(18): Router->run()
#2 {main}
  thrown in C:\Users\Admin\Documents\GitHub\phpProject\OSPanel\domains\MStore\controllers\ProductController.php on line 13
[31-Jul-2019 06:58:08 Europe/Moscow] PHP Fatal error:  Uncaught Error: Class 'Product' not found in C:\Users\Admin\Documents\GitHub\phpProject\OSPanel\domains\MStore\controllers\ProductController.php:13
Stack trace:
#0 C:\Users\Admin\Documents\GitHub\phpProject\OSPanel\domains\MStore\components\Router.php(59): ProductController->actionView('1')
#1 C:\Users\Admin\Documents\GitHub\phpProject\OSPanel\domains\MStore\index.php(18): Router->run()
#2 {main}
  thrown in C:\Users\Admin\Documents\GitHub\phpProject\OSPanel\domains\MStore\controllers\ProductController.php on line 13
[31-Jul-2019 07:04:11 Europe/Moscow] PHP Notice:  Undefined index: new in C:\Users\Admin\Documents\GitHub\phpProject\OSPanel\domains\MStore\views\layouts\newProduct.php on line 9
[31-Jul-2019 07:04:11 Europe/Moscow] PHP Notice:  Undefined index: new in C:\Users\Admin\Documents\GitHub\phpProject\OSPanel\domains\MStore\views\layouts\newProduct.php on line 9
[31-Jul-2019 07:04:12 Europe/Moscow] PHP Notice:  Undefined index: new in C:\Users\Admin\Documents\GitHub\phpProject\OSPanel\domains\MStore\views\layouts\newProduct.php on line 9
[31-Jul-2019 07:04:12 Europe/Moscow] PHP Notice:  Undefined index: new in C:\Users\Admin\Documents\GitHub\phpProject\OSPanel\domains\MStore\views\layouts\newProduct.php on line 9
[31-Jul-2019 07:06:57 Europe/Moscow] PHP Warning:  call_user_func_array() expects parameter 1 to be a valid callback, class 'SiteController' does not have a method 'actionIndexcsite' in C:\Users\Admin\Documents\GitHub\phpProject\OSPanel\domains\MStore\components\Router.php on line 59
[31-Jul-2019 07:08:32 Europe/Moscow] PHP Warning:  call_user_func_array() expects parameter 1 to be a valid callback, class 'SiteController' does not have a method 'actionIndextsite' in C:\Users\Admin\Documents\GitHub\phpProject\OSPanel\domains\MStore\components\Router.php on line 59
[31-Jul-2019 07:08:32 Europe/Moscow] PHP Warning:  call_user_func_array() expects parameter 1 to be a valid callback, class 'SiteController' does not have a method 'actionIndextsite' in C:\Users\Admin\Documents\GitHub\phpProject\OSPanel\domains\MStore\components\Router.php on line 59
[31-Jul-2019 07:11:17 Europe/Moscow] PHP Warning:  call_user_func_array() expects parameter 1 to be a valid callback, class 'SiteController' does not have a method 'actionIndexcsite' in C:\Users\Admin\Documents\GitHub\phpProject\OSPanel\domains\MStore\components\Router.php on line 59
[31-Jul-2019 07:11:29 Europe/Moscow] PHP Warning:  call_user_func_array() expects parameter 1 to be a valid callback, class 'SiteController' does not have a method 'actionIndextsite' in C:\Users\Admin\Documents\GitHub\phpProject\OSPanel\domains\MStore\components\Router.php on line 59
[31-Jul-2019 07:11:29 Europe/Moscow] PHP Warning:  call_user_func_array() expects parameter 1 to be a valid callback, class 'SiteController' does not have a method 'actionIndextsite' in C:\Users\Admin\Documents\GitHub\phpProject\OSPanel\domains\MStore\components\Router.php on line 59
[31-Jul-2019 07:11:41 Europe/Moscow] PHP Warning:  call_user_func_array() expects parameter 1 to be a valid callback, class 'SiteController' does not have a method 'actionIndextsite' in C:\Users\Admin\Documents\GitHub\phpProject\OSPanel\domains\MStore\components\Router.php on line 59
[31-Jul-2019 07:11:42 Europe/Moscow] PHP Warning:  call_user_func_array() expects parameter 1 to be a valid callback, class 'SiteController' does not have a method 'actionIndextsite' in C:\Users\Admin\Documents\GitHub\phpProject\OSPanel\domains\MStore\components\Router.php on line 59
[31-Jul-2019 07:12:03 Europe/Moscow] PHP Warning:  call_user_func_array() expects parameter 1 to be a valid callback, class 'SiteController' does not have a method 'actionIndextsite' in C:\Users\Admin\Documents\GitHub\phpProject\OSPanel\domains\MStore\components\Router.php on line 59
[31-Jul-2019 07:12:03 Europe/Moscow] PHP Warning:  call_user_func_array() expects parameter 1 to be a valid callback, class 'SiteController' does not have a method 'actionIndextsite' in C:\Users\Admin\Documents\GitHub\phpProject\OSPanel\domains\MStore\components\Router.php on line 59
[31-Jul-2019 07:12:05 Europe/Moscow] PHP Warning:  call_user_func_array() expects parameter 1 to be a valid callback, class 'SiteController' does not have a method 'actionIndexcsite' in C:\Users\Admin\Documents\GitHub\phpProject\OSPanel\domains\MStore\components\Router.php on line 59
[31-Jul-2019 07:12:20 Europe/Moscow] PHP Warning:  call_user_func_array() expects parameter 1 to be a valid callback, class 'SiteController' does not have a method 'actionIndextsite' in C:\Users\Admin\Documents\GitHub\phpProject\OSPanel\domains\MStore\components\Router.php on line 59
[31-Jul-2019 07:12:20 Europe/Moscow] PHP Warning:  call_user_func_array() expects parameter 1 to be a valid callback, class 'SiteController' does not have a method 'actionIndextsite' in C:\Users\Admin\Documents\GitHub\phpProject\OSPanel\domains\MStore\components\Router.php on line 59
[31-Jul-2019 07:12:22 Europe/Moscow] PHP Warning:  call_user_func_array() expects parameter 1 to be a valid callback, class 'SiteController' does not have a method 'actionIndexcsite' in C:\Users\Admin\Documents\GitHub\phpProject\OSPanel\domains\MStore\components\Router.php on line 59
[31-Jul-2019 07:12:24 Europe/Moscow] PHP Warning:  call_user_func_array() expects parameter 1 to be a valid callback, class 'SiteController' does not have a method 'actionIndextsite' in C:\Users\Admin\Documents\GitHub\phpProject\OSPanel\domains\MStore\components\Router.php on line 59
[31-Jul-2019 07:12:25 Europe/Moscow] PHP Warning:  call_user_func_array() expects parameter 1 to be a valid callback, class 'SiteController' does not have a method 'actionIndextsite' in C:\Users\Admin\Documents\GitHub\phpProject\OSPanel\domains\MStore\components\Router.php on line 59
[31-Jul-2019 07:14:28 Europe/Moscow] PHP Warning:  call_user_func_array() expects parameter 1 to be a valid callback, class 'SiteController' does not have a method 'actionIndextsite' in C:\Users\Admin\Documents\GitHub\phpProject\OSPanel\domains\MStore\components\Router.php on line 59
[31-Jul-2019 07:14:28 Europe/Moscow] PHP Warning:  call_user_func_array() expects parameter 1 to be a valid callback, class 'SiteController' does not have a method 'actionIndextsite' in C:\Users\Admin\Documents\GitHub\phpProject\OSPanel\domains\MStore\components\Router.php on line 59
[31-Jul-2019 07:14:32 Europe/Moscow] PHP Warning:  call_user_func_array() expects parameter 1 to be a valid callback, class 'SiteController' does not have a method 'actionIndextsite' in C:\Users\Admin\Documents\GitHub\phpProject\OSPanel\domains\MStore\components\Router.php on line 59
[31-Jul-2019 07:14:32 Europe/Moscow] PHP Warning:  call_user_func_array() expects parameter 1 to be a valid callback, class 'SiteController' does not have a method 'actionIndextsite' in C:\Users\Admin\Documents\GitHub\phpProject\OSPanel\domains\MStore\components\Router.php on line 59
[31-Jul-2019 07:15:08 Europe/Moscow] PHP Warning:  call_user_func_array() expects parameter 1 to be a valid callback, class 'SiteController' does not have a method 'actionIndextsite' in C:\Users\Admin\Documents\GitHub\phpProject\OSPanel\domains\MStore\components\Router.php on line 59
[31-Jul-2019 07:15:09 Europe/Moscow] PHP Warning:  call_user_func_array() expects parameter 1 to be a valid callback, class 'SiteController' does not have a method 'actionIndextsite' in C:\Users\Admin\Documents\GitHub\phpProject\OSPanel\domains\MStore\components\Router.php on line 59
[31-Jul-2019 07:15:09 Europe/Moscow] PHP Warning:  call_user_func_array() expects parameter 1 to be a valid callback, class 'SiteController' does not have a method 'actionIndextsite' in C:\Users\Admin\Documents\GitHub\phpProject\OSPanel\domains\MStore\components\Router.php on line 59
[31-Jul-2019 07:15:09 Europe/Moscow] PHP Warning:  call_user_func_array() expects parameter 1 to be a valid callback, class 'SiteController' does not have a method 'actionIndextsite' in C:\Users\Admin\Documents\GitHub\phpProject\OSPanel\domains\MStore\components\Router.php on line 59
[31-Jul-2019 07:17:42 Europe/Moscow] PHP Warning:  call_user_func_array() expects parameter 1 to be a valid callback, class 'SiteController' does not have a method 'actionIndextsite' in C:\Users\Admin\Documents\GitHub\phpProject\OSPanel\domains\MStore\components\Router.php on line 59
[31-Jul-2019 07:17:42 Europe/Moscow] PHP Warning:  call_user_func_array() expects parameter 1 to be a valid callback, class 'SiteController' does not have a method 'actionIndextsite' in C:\Users\Admin\Documents\GitHub\phpProject\OSPanel\domains\MStore\components\Router.php on line 59
[31-Jul-2019 07:18:16 Europe/Moscow] PHP Warning:  call_user_func_array() expects parameter 1 to be a valid callback, class 'SiteController' does not have a method 'actionIndextsite' in C:\Users\Admin\Documents\GitHub\phpProject\OSPanel\domains\MStore\components\Router.php on line 59
[31-Jul-2019 07:25:54 Europe/Moscow] PHP Warning:  call_user_func_array() expects parameter 1 to be a valid callback, class 'SiteController' does not have a method 'actionIndextsite' in C:\Users\Admin\Documents\GitHub\phpProject\OSPanel\domains\MStore\components\Router.php on line 59
[31-Jul-2019 07:25:54 Europe/Moscow] PHP Warning:  call_user_func_array() expects parameter 1 to be a valid callback, class 'SiteController' does not have a method 'actionIndextsite' in C:\Users\Admin\Documents\GitHub\phpProject\OSPanel\domains\MStore\components\Router.php on line 59
[31-Jul-2019 07:25:54 Europe/Moscow] PHP Warning:  call_user_func_array() expects parameter 1 to be a valid callback, class 'SiteController' does not have a method 'actionIndextsite' in C:\Users\Admin\Documents\GitHub\phpProject\OSPanel\domains\MStore\components\Router.php on line 59
[31-Jul-2019 07:25:56 Europe/Moscow] PHP Warning:  call_user_func_array() expects parameter 1 to be a valid callback, class 'SiteController' does not have a method 'actionIndextsite' in C:\Users\Admin\Documents\GitHub\phpProject\OSPanel\domains\MStore\components\Router.php on line 59
[31-Jul-2019 07:25:56 Europe/Moscow] PHP Warning:  call_user_func_array() expects parameter 1 to be a valid callback, class 'SiteController' does not have a method 'actionIndextsite' in C:\Users\Admin\Documents\GitHub\phpProject\OSPanel\domains\MStore\components\Router.php on line 59
[31-Jul-2019 07:25:56 Europe/Moscow] PHP Warning:  call_user_func_array() expects parameter 1 to be a valid callback, class 'SiteController' does not have a method 'actionIndextsite' in C:\Users\Admin\Documents\GitHub\phpProject\OSPanel\domains\MStore\components\Router.php on line 59
[31-Jul-2019 07:25:56 Europe/Moscow] PHP Warning:  call_user_func_array() expects parameter 1 to be a valid callback, class 'SiteController' does not have a method 'actionIndextsite' in C:\Users\Admin\Documents\GitHub\phpProject\OSPanel\domains\MStore\components\Router.php on line 59
[31-Jul-2019 07:25:56 Europe/Moscow] PHP Warning:  call_user_func_array() expects parameter 1 to be a valid callback, class 'SiteController' does not have a method 'actionIndextsite' in C:\Users\Admin\Documents\GitHub\phpProject\OSPanel\domains\MStore\components\Router.php on line 59
[31-Jul-2019 07:25:56 Europe/Moscow] PHP Warning:  call_user_func_array() expects parameter 1 to be a valid callback, class 'SiteController' does not have a method 'actionIndextsite' in C:\Users\Admin\Documents\GitHub\phpProject\OSPanel\domains\MStore\components\Router.php on line 59
[31-Jul-2019 07:25:57 Europe/Moscow] PHP Warning:  call_user_func_array() expects parameter 1 to be a valid callback, class 'SiteController' does not have a method 'actionIndextsite' in C:\Users\Admin\Documents\GitHub\phpProject\OSPanel\domains\MStore\components\Router.php on line 59
[31-Jul-2019 07:25:57 Europe/Moscow] PHP Warning:  call_user_func_array() expects parameter 1 to be a valid callback, class 'SiteController' does not have a method 'actionIndextsite' in C:\Users\Admin\Documents\GitHub\phpProject\OSPanel\domains\MStore\components\Router.php on line 59
[31-Jul-2019 07:25:57 Europe/Moscow] PHP Warning:  call_user_func_array() expects parameter 1 to be a valid callback, class 'SiteController' does not have a method 'actionIndextsite' in C:\Users\Admin\Documents\GitHub\phpProject\OSPanel\domains\MStore\components\Router.php on line 59
[31-Jul-2019 07:25:57 Europe/Moscow] PHP Warning:  call_user_func_array() expects parameter 1 to be a valid callback, class 'SiteController' does not have a method 'actionIndextsite' in C:\Users\Admin\Documents\GitHub\phpProject\OSPanel\domains\MStore\components\Router.php on line 59
[31-Jul-2019 07:25:57 Europe/Moscow] PHP Warning:  call_user_func_array() expects parameter 1 to be a valid callback, class 'SiteController' does not have a method 'actionIndextsite' in C:\Users\Admin\Documents\GitHub\phpProject\OSPanel\domains\MStore\components\Router.php on line 59
[31-Jul-2019 07:26:04 Europe/Moscow] PHP Warning:  call_user_func_array() expects parameter 1 to be a valid callback, class 'SiteController' does not have a method 'actionIndextsite' in C:\Users\Admin\Documents\GitHub\phpProject\OSPanel\domains\MStore\components\Router.php on line 59
[31-Jul-2019 07:26:04 Europe/Moscow] PHP Warning:  call_user_func_array() expects parameter 1 to be a valid callback, class 'SiteController' does not have a method 'actionIndextsite' in C:\Users\Admin\Documents\GitHub\phpProject\OSPanel\domains\MStore\components\Router.php on line 59
[31-Jul-2019 07:26:04 Europe/Moscow] PHP Warning:  call_user_func_array() expects parameter 1 to be a valid callback, class 'SiteController' does not have a method 'actionIndextsite' in C:\Users\Admin\Documents\GitHub\phpProject\OSPanel\domains\MStore\components\Router.php on line 59
[31-Jul-2019 07:26:29 Europe/Moscow] PHP Warning:  call_user_func_array() expects parameter 1 to be a valid callback, class 'SiteController' does not have a method 'actionIndextsite' in C:\Users\Admin\Documents\GitHub\phpProject\OSPanel\domains\MStore\components\Router.php on line 59
[31-Jul-2019 07:26:29 Europe/Moscow] PHP Warning:  call_user_func_array() expects parameter 1 to be a valid callback, class 'SiteController' does not have a method 'actionIndextsite' in C:\Users\Admin\Documents\GitHub\phpProject\OSPanel\domains\MStore\components\Router.php on line 59
[31-Jul-2019 07:26:29 Europe/Moscow] PHP Warning:  call_user_func_array() expects parameter 1 to be a valid callback, class 'SiteController' does not have a method 'actionIndextsite' in C:\Users\Admin\Documents\GitHub\phpProject\OSPanel\domains\MStore\components\Router.php on line 59
[31-Jul-2019 07:29:02 Europe/Moscow] PHP Warning:  call_user_func_array() expects parameter 1 to be a valid callback, class 'SiteController' does not have a method 'actionIndextsite' in C:\Users\Admin\Documents\GitHub\phpProject\OSPanel\domains\MStore\components\Router.php on line 59
[31-Jul-2019 07:29:02 Europe/Moscow] PHP Warning:  call_user_func_array() expects parameter 1 to be a valid callback, class 'SiteController' does not have a method 'actionIndextsite' in C:\Users\Admin\Documents\GitHub\phpProject\OSPanel\domains\MStore\components\Router.php on line 59
[31-Jul-2019 07:29:02 Europe/Moscow] PHP Warning:  call_user_func_array() expects parameter 1 to be a valid callback, class 'SiteController' does not have a method 'actionIndextsite' in C:\Users\Admin\Documents\GitHub\phpProject\OSPanel\domains\MStore\components\Router.php on line 59
[31-Jul-2019 07:29:14 Europe/Moscow] PHP Warning:  call_user_func_array() expects parameter 1 to be a valid callback, class 'SiteController' does not have a method 'actionIndextsite' in C:\Users\Admin\Documents\GitHub\phpProject\OSPanel\domains\MStore\components\Router.php on line 59
[31-Jul-2019 07:29:15 Europe/Moscow] PHP Warning:  call_user_func_array() expects parameter 1 to be a valid callback, class 'SiteController' does not have a method 'actionIndextsite' in C:\Users\Admin\Documents\GitHub\phpProject\OSPanel\domains\MStore\components\Router.php on line 59
[31-Jul-2019 07:29:15 Europe/Moscow] PHP Warning:  call_user_func_array() expects parameter 1 to be a valid callback, class 'SiteController' does not have a method 'actionIndextsite' in C:\Users\Admin\Documents\GitHub\phpProject\OSPanel\domains\MStore\components\Router.php on line 59
[31-Jul-2019 07:32:45 Europe/Moscow] PHP Warning:  call_user_func_array() expects parameter 1 to be a valid callback, class 'SiteController' does not have a method 'actionIndextsite' in C:\Users\Admin\Documents\GitHub\phpProject\OSPanel\domains\MStore\components\Router.php on line 59
[31-Jul-2019 07:32:45 Europe/Moscow] PHP Warning:  call_user_func_array() expects parameter 1 to be a valid callback, class 'SiteController' does not have a method 'actionIndextsite' in C:\Users\Admin\Documents\GitHub\phpProject\OSPanel\domains\MStore\components\Router.php on line 59
[31-Jul-2019 07:32:45 Europe/Moscow] PHP Warning:  call_user_func_array() expects parameter 1 to be a valid callback, class 'SiteController' does not have a method 'actionIndextsite' in C:\Users\Admin\Documents\GitHub\phpProject\OSPanel\domains\MStore\components\Router.php on line 59
[31-Jul-2019 07:32:46 Europe/Moscow] PHP Warning:  call_user_func_array() expects parameter 1 to be a valid callback, class 'SiteController' does not have a method 'actionIndextsite' in C:\Users\Admin\Documents\GitHub\phpProject\OSPanel\domains\MStore\components\Router.php on line 59
[31-Jul-2019 07:32:46 Europe/Moscow] PHP Warning:  call_user_func_array() expects parameter 1 to be a valid callback, class 'SiteController' does not have a method 'actionIndextsite' in C:\Users\Admin\Documents\GitHub\phpProject\OSPanel\domains\MStore\components\Router.php on line 59
[31-Jul-2019 07:32:46 Europe/Moscow] PHP Warning:  call_user_func_array() expects parameter 1 to be a valid callback, class 'SiteController' does not have a method 'actionIndextsite' in C:\Users\Admin\Documents\GitHub\phpProject\OSPanel\domains\MStore\components\Router.php on line 59
[31-Jul-2019 07:34:00 Europe/Moscow] PHP Warning:  call_user_func_array() expects parameter 1 to be a valid callback, class 'SiteController' does not have a method 'actionIndextsite' in C:\Users\Admin\Documents\GitHub\phpProject\OSPanel\domains\MStore\components\Router.php on line 59
[31-Jul-2019 07:34:00 Europe/Moscow] PHP Warning:  call_user_func_array() expects parameter 1 to be a valid callback, class 'SiteController' does not have a method 'actionIndextsite' in C:\Users\Admin\Documents\GitHub\phpProject\OSPanel\domains\MStore\components\Router.php on line 59
[31-Jul-2019 07:34:01 Europe/Moscow] PHP Warning:  call_user_func_array() expects parameter 1 to be a valid callback, class 'SiteController' does not have a method 'actionIndextsite' in C:\Users\Admin\Documents\GitHub\phpProject\OSPanel\domains\MStore\components\Router.php on line 59
[31-Jul-2019 07:34:01 Europe/Moscow] PHP Warning:  call_user_func_array() expects parameter 1 to be a valid callback, class 'SiteController' does not have a method 'actionIndextsite' in C:\Users\Admin\Documents\GitHub\phpProject\OSPanel\domains\MStore\components\Router.php on line 59
[31-Jul-2019 07:34:01 Europe/Moscow] PHP Warning:  call_user_func_array() expects parameter 1 to be a valid callback, class 'SiteController' does not have a method 'actionIndextsite' in C:\Users\Admin\Documents\GitHub\phpProject\OSPanel\domains\MStore\components\Router.php on line 59
[31-Jul-2019 07:34:01 Europe/Moscow] PHP Warning:  call_user_func_array() expects parameter 1 to be a valid callback, class 'SiteController' does not have a method 'actionIndextsite' in C:\Users\Admin\Documents\GitHub\phpProject\OSPanel\domains\MStore\components\Router.php on line 59
[31-Jul-2019 07:34:01 Europe/Moscow] PHP Warning:  call_user_func_array() expects parameter 1 to be a valid callback, class 'SiteController' does not have a method 'actionIndextsite' in C:\Users\Admin\Documents\GitHub\phpProject\OSPanel\domains\MStore\components\Router.php on line 59
[31-Jul-2019 07:34:02 Europe/Moscow] PHP Warning:  call_user_func_array() expects parameter 1 to be a valid callback, class 'SiteController' does not have a method 'actionIndextsite' in C:\Users\Admin\Documents\GitHub\phpProject\OSPanel\domains\MStore\components\Router.php on line 59
[31-Jul-2019 07:34:02 Europe/Moscow] PHP Warning:  call_user_func_array() expects parameter 1 to be a valid callback, class 'SiteController' does not have a method 'actionIndextsite' in C:\Users\Admin\Documents\GitHub\phpProject\OSPanel\domains\MStore\components\Router.php on line 59
[31-Jul-2019 07:35:09 Europe/Moscow] PHP Warning:  call_user_func_array() expects parameter 1 to be a valid callback, class 'SiteController' does not have a method 'actionIndextsite' in C:\Users\Admin\Documents\GitHub\phpProject\OSPanel\domains\MStore\components\Router.php on line 59
[31-Jul-2019 07:35:09 Europe/Moscow] PHP Warning:  call_user_func_array() expects parameter 1 to be a valid callback, class 'SiteController' does not have a method 'actionIndextsite' in C:\Users\Admin\Documents\GitHub\phpProject\OSPanel\domains\MStore\components\Router.php on line 59
[31-Jul-2019 07:35:09 Europe/Moscow] PHP Warning:  call_user_func_array() expects parameter 1 to be a valid callback, class 'SiteController' does not have a method 'actionIndextsite' in C:\Users\Admin\Documents\GitHub\phpProject\OSPanel\domains\MStore\components\Router.php on line 59
[31-Jul-2019 07:35:10 Europe/Moscow] PHP Warning:  call_user_func_array() expects parameter 1 to be a valid callback, class 'SiteController' does not have a method 'actionIndextsite' in C:\Users\Admin\Documents\GitHub\phpProject\OSPanel\domains\MStore\components\Router.php on line 59
[31-Jul-2019 07:35:10 Europe/Moscow] PHP Warning:  call_user_func_array() expects parameter 1 to be a valid callback, class 'SiteController' does not have a method 'actionIndextsite' in C:\Users\Admin\Documents\GitHub\phpProject\OSPanel\domains\MStore\components\Router.php on line 59
[31-Jul-2019 07:35:10 Europe/Moscow] PHP Warning:  call_user_func_array() expects parameter 1 to be a valid callback, class 'SiteController' does not have a method 'actionIndextsite' in C:\Users\Admin\Documents\GitHub\phpProject\OSPanel\domains\MStore\components\Router.php on line 59
[31-Jul-2019 07:35:10 Europe/Moscow] PHP Warning:  call_user_func_array() expects parameter 1 to be a valid callback, class 'SiteController' does not have a method 'actionIndextsite' in C:\Users\Admin\Documents\GitHub\phpProject\OSPanel\domains\MStore\components\Router.php on line 59
[31-Jul-2019 07:35:10 Europe/Moscow] PHP Warning:  call_user_func_array() expects parameter 1 to be a valid callback, class 'SiteController' does not have a method 'actionIndextsite' in C:\Users\Admin\Documents\GitHub\phpProject\OSPanel\domains\MStore\components\Router.php on line 59
[31-Jul-2019 07:35:10 Europe/Moscow] PHP Warning:  call_user_func_array() expects parameter 1 to be a valid callback, class 'SiteController' does not have a method 'actionIndextsite' in C:\Users\Admin\Documents\GitHub\phpProject\OSPanel\domains\MStore\components\Router.php on line 59
[31-Jul-2019 07:35:15 Europe/Moscow] PHP Warning:  call_user_func_array() expects parameter 1 to be a valid callback, class 'SiteController' does not have a method 'actionIndextsite' in C:\Users\Admin\Documents\GitHub\phpProject\OSPanel\domains\MStore\components\Router.php on line 59
[31-Jul-2019 07:35:15 Europe/Moscow] PHP Warning:  call_user_func_array() expects parameter 1 to be a valid callback, class 'SiteController' does not have a method 'actionIndextsite' in C:\Users\Admin\Documents\GitHub\phpProject\OSPanel\domains\MStore\components\Router.php on line 59
[31-Jul-2019 07:36:48 Europe/Moscow] PHP Warning:  call_user_func_array() expects parameter 1 to be a valid callback, class 'SiteController' does not have a method 'actionIndextsite' in C:\Users\Admin\Documents\GitHub\phpProject\OSPanel\domains\MStore\components\Router.php on line 59
[31-Jul-2019 07:36:50 Europe/Moscow] PHP Warning:  call_user_func_array() expects parameter 1 to be a valid callback, class 'SiteController' does not have a method 'actionIndextsite' in C:\Users\Admin\Documents\GitHub\phpProject\OSPanel\domains\MStore\components\Router.php on line 59
[31-Jul-2019 07:36:51 Europe/Moscow] PHP Warning:  call_user_func_array() expects parameter 1 to be a valid callback, class 'SiteController' does not have a method 'actionIndextsite' in C:\Users\Admin\Documents\GitHub\phpProject\OSPanel\domains\MStore\components\Router.php on line 59
[31-Jul-2019 07:36:51 Europe/Moscow] PHP Warning:  call_user_func_array() expects parameter 1 to be a valid callback, class 'SiteController' does not have a method 'actionIndextsite' in C:\Users\Admin\Documents\GitHub\phpProject\OSPanel\domains\MStore\components\Router.php on line 59
[31-Jul-2019 07:36:58 Europe/Moscow] PHP Warning:  call_user_func_array() expects parameter 1 to be a valid callback, class 'SiteController' does not have a method 'actionIndextsite' in C:\Users\Admin\Documents\GitHub\phpProject\OSPanel\domains\MStore\components\Router.php on line 59
[31-Jul-2019 07:36:59 Europe/Moscow] PHP Warning:  call_user_func_array() expects parameter 1 to be a valid callback, class 'SiteController' does not have a method 'actionIndextsite' in C:\Users\Admin\Documents\GitHub\phpProject\OSPanel\domains\MStore\components\Router.php on line 59
[31-Jul-2019 07:37:07 Europe/Moscow] PHP Warning:  call_user_func_array() expects parameter 1 to be a valid callback, class 'SiteController' does not have a method 'actionIndextsite' in C:\Users\Admin\Documents\GitHub\phpProject\OSPanel\domains\MStore\components\Router.php on line 59
[31-Jul-2019 07:37:08 Europe/Moscow] PHP Warning:  call_user_func_array() expects parameter 1 to be a valid callback, class 'SiteController' does not have a method 'actionIndextsite' in C:\Users\Admin\Documents\GitHub\phpProject\OSPanel\domains\MStore\components\Router.php on line 59
[31-Jul-2019 07:37:08 Europe/Moscow] PHP Warning:  call_user_func_array() expects parameter 1 to be a valid callback, class 'SiteController' does not have a method 'actionIndextsite' in C:\Users\Admin\Documents\GitHub\phpProject\OSPanel\domains\MStore\components\Router.php on line 59
[31-Jul-2019 07:37:13 Europe/Moscow] PHP Warning:  call_user_func_array() expects parameter 1 to be a valid callback, class 'SiteController' does not have a method 'actionIndextsite' in C:\Users\Admin\Documents\GitHub\phpProject\OSPanel\domains\MStore\components\Router.php on line 59
[31-Jul-2019 07:37:17 Europe/Moscow] PHP Warning:  call_user_func_array() expects parameter 1 to be a valid callback, class 'SiteController' does not have a method 'actionIndexcsite' in C:\Users\Admin\Documents\GitHub\phpProject\OSPanel\domains\MStore\components\Router.php on line 59
[31-Jul-2019 07:37:18 Europe/Moscow] PHP Warning:  call_user_func_array() expects parameter 1 to be a valid callback, class 'SiteController' does not have a method 'actionIndextsite' in C:\Users\Admin\Documents\GitHub\phpProject\OSPanel\domains\MStore\components\Router.php on line 59
[31-Jul-2019 07:37:18 Europe/Moscow] PHP Warning:  call_user_func_array() expects parameter 1 to be a valid callback, class 'SiteController' does not have a method 'actionIndextsite' in C:\Users\Admin\Documents\GitHub\phpProject\OSPanel\domains\MStore\components\Router.php on line 59
[31-Jul-2019 07:38:04 Europe/Moscow] PHP Warning:  call_user_func_array() expects parameter 1 to be a valid callback, class 'SiteController' does not have a method 'actionIndextsite' in C:\Users\Admin\Documents\GitHub\phpProject\OSPanel\domains\MStore\components\Router.php on line 59
[31-Jul-2019 07:38:07 Europe/Moscow] PHP Warning:  call_user_func_array() expects parameter 1 to be a valid callback, class 'SiteController' does not have a method 'actionIndextsite' in C:\Users\Admin\Documents\GitHub\phpProject\OSPanel\domains\MStore\components\Router.php on line 59
[31-Jul-2019 07:42:04 Europe/Moscow] PHP Warning:  call_user_func_array() expects parameter 1 to be a valid callback, class 'SiteController' does not have a method 'actionIndextsite' in C:\Users\Admin\Documents\GitHub\phpProject\OSPanel\domains\MStore\components\Router.php on line 59
[31-Jul-2019 07:42:05 Europe/Moscow] PHP Warning:  call_user_func_array() expects parameter 1 to be a valid callback, class 'SiteController' does not have a method 'actionIndextsite' in C:\Users\Admin\Documents\GitHub\phpProject\OSPanel\domains\MStore\components\Router.php on line 59
[31-Jul-2019 07:42:08 Europe/Moscow] PHP Fatal error:  Uncaught Error: Class 'CatalogController' not found in C:\Users\Admin\Documents\GitHub\phpProject\OSPanel\domains\MStore\components\Router.php:58
Stack trace:
#0 C:\Users\Admin\Documents\GitHub\phpProject\OSPanel\domains\MStore\index.php(18): Router->run()
#1 {main}
  thrown in C:\Users\Admin\Documents\GitHub\phpProject\OSPanel\domains\MStore\components\Router.php on line 58
[31-Jul-2019 07:42:11 Europe/Moscow] PHP Warning:  call_user_func_array() expects parameter 1 to be a valid callback, class 'SiteController' does not have a method 'actionIndextsite' in C:\Users\Admin\Documents\GitHub\phpProject\OSPanel\domains\MStore\components\Router.php on line 59
[31-Jul-2019 07:42:11 Europe/Moscow] PHP Warning:  call_user_func_array() expects parameter 1 to be a valid callback, class 'SiteController' does not have a method 'actionIndextsite' in C:\Users\Admin\Documents\GitHub\phpProject\OSPanel\domains\MStore\components\Router.php on line 59
[31-Jul-2019 07:42:52 Europe/Moscow] PHP Warning:  call_user_func_array() expects parameter 1 to be a valid callback, class 'SiteController' does not have a method 'actionIndextsite' in C:\Users\Admin\Documents\GitHub\phpProject\OSPanel\domains\MStore\components\Router.php on line 59
[31-Jul-2019 07:42:53 Europe/Moscow] PHP Warning:  call_user_func_array() expects parameter 1 to be a valid callback, class 'SiteController' does not have a method 'actionIndextsite' in C:\Users\Admin\Documents\GitHub\phpProject\OSPanel\domains\MStore\components\Router.php on line 59
[31-Jul-2019 07:42:54 Europe/Moscow] PHP Fatal error:  Uncaught ArgumentCountError: Too few arguments to function CatalogController::actionIndex(), 0 passed in C:\Users\Admin\Documents\GitHub\phpProject\OSPanel\domains\MStore\components\Router.php on line 59 and exactly 1 expected in C:\Users\Admin\Documents\GitHub\phpProject\OSPanel\domains\MStore\controllers\CatalogController.php:9
Stack trace:
#0 C:\Users\Admin\Documents\GitHub\phpProject\OSPanel\domains\MStore\components\Router.php(59): CatalogController->actionIndex()
#1 C:\Users\Admin\Documents\GitHub\phpProject\OSPanel\domains\MStore\index.php(18): Router->run()
#2 {main}
  thrown in C:\Users\Admin\Documents\GitHub\phpProject\OSPanel\domains\MStore\controllers\CatalogController.php on line 9
[31-Jul-2019 07:43:11 Europe/Moscow] PHP Warning:  call_user_func_array() expects parameter 1 to be a valid callback, class 'SiteController' does not have a method 'actionIndextsite' in C:\Users\Admin\Documents\GitHub\phpProject\OSPanel\domains\MStore\components\Router.php on line 59
[31-Jul-2019 07:43:14 Europe/Moscow] PHP Warning:  call_user_func_array() expects parameter 1 to be a valid callback, class 'SiteController' does not have a method 'actionIndextsite' in C:\Users\Admin\Documents\GitHub\phpProject\OSPanel\domains\MStore\components\Router.php on line 59
[31-Jul-2019 07:43:16 Europe/Moscow] PHP Warning:  call_user_func_array() expects parameter 1 to be a valid callback, class 'SiteController' does not have a method 'actionIndextsite' in C:\Users\Admin\Documents\GitHub\phpProject\OSPanel\domains\MStore\components\Router.php on line 59
[31-Jul-2019 07:43:17 Europe/Moscow] PHP Warning:  call_user_func_array() expects parameter 1 to be a valid callback, class 'SiteController' does not have a method 'actionIndextsite' in C:\Users\Admin\Documents\GitHub\phpProject\OSPanel\domains\MStore\components\Router.php on line 59
[31-Jul-2019 07:43:18 Europe/Moscow] PHP Warning:  call_user_func_array() expects parameter 1 to be a valid callback, class 'SiteController' does not have a method 'actionIndextsite' in C:\Users\Admin\Documents\GitHub\phpProject\OSPanel\domains\MStore\components\Router.php on line 59
[31-Jul-2019 07:43:18 Europe/Moscow] PHP Warning:  call_user_func_array() expects parameter 1 to be a valid callback, class 'SiteController' does not have a method 'actionIndextsite' in C:\Users\Admin\Documents\GitHub\phpProject\OSPanel\domains\MStore\components\Router.php on line 59
[31-Jul-2019 07:43:19 Europe/Moscow] PHP Warning:  call_user_func_array() expects parameter 1 to be a valid callback, class 'SiteController' does not have a method 'actionIndextsite' in C:\Users\Admin\Documents\GitHub\phpProject\OSPanel\domains\MStore\components\Router.php on line 59
[31-Jul-2019 07:43:19 Europe/Moscow] PHP Warning:  call_user_func_array() expects parameter 1 to be a valid callback, class 'SiteController' does not have a method 'actionIndextsite' in C:\Users\Admin\Documents\GitHub\phpProject\OSPanel\domains\MStore\components\Router.php on line 59
[31-Jul-2019 07:44:06 Europe/Moscow] PHP Warning:  call_user_func_array() expects parameter 1 to be a valid callback, class 'SiteController' does not have a method 'actionIndextsite' in C:\Users\Admin\Documents\GitHub\phpProject\OSPanel\domains\MStore\components\Router.php on line 59
[31-Jul-2019 07:44:07 Europe/Moscow] PHP Warning:  call_user_func_array() expects parameter 1 to be a valid callback, class 'SiteController' does not have a method 'actionIndextsite' in C:\Users\Admin\Documents\GitHub\phpProject\OSPanel\domains\MStore\components\Router.php on line 59
[31-Jul-2019 07:44:09 Europe/Moscow] PHP Warning:  call_user_func_array() expects parameter 1 to be a valid callback, class 'SiteController' does not have a method 'actionIndextsite' in C:\Users\Admin\Documents\GitHub\phpProject\OSPanel\domains\MStore\components\Router.php on line 59
[31-Jul-2019 07:44:09 Europe/Moscow] PHP Warning:  call_user_func_array() expects parameter 1 to be a valid callback, class 'SiteController' does not have a method 'actionIndextsite' in C:\Users\Admin\Documents\GitHub\phpProject\OSPanel\domains\MStore\components\Router.php on line 59
[31-Jul-2019 07:45:11 Europe/Moscow] PHP Warning:  call_user_func_array() expects parameter 1 to be a valid callback, class 'SiteController' does not have a method 'actionIndextsite' in C:\Users\Admin\Documents\GitHub\phpProject\OSPanel\domains\MStore\components\Router.php on line 59
[31-Jul-2019 07:45:12 Europe/Moscow] PHP Warning:  call_user_func_array() expects parameter 1 to be a valid callback, class 'SiteController' does not have a method 'actionIndextsite' in C:\Users\Admin\Documents\GitHub\phpProject\OSPanel\domains\MStore\components\Router.php on line 59
[31-Jul-2019 07:45:15 Europe/Moscow] PHP Warning:  call_user_func_array() expects parameter 1 to be a valid callback, class 'SiteController' does not have a method 'actionIndextsite' in C:\Users\Admin\Documents\GitHub\phpProject\OSPanel\domains\MStore\components\Router.php on line 59
[31-Jul-2019 07:45:18 Europe/Moscow] PHP Warning:  call_user_func_array() expects parameter 1 to be a valid callback, class 'SiteController' does not have a method 'actionIndextsite' in C:\Users\Admin\Documents\GitHub\phpProject\OSPanel\domains\MStore\components\Router.php on line 59
[31-Jul-2019 07:45:19 Europe/Moscow] PHP Warning:  include(C:\Users\Admin\Documents\GitHub\phpProject\OSPanel\domains\MStore\views\layouts\newProduct.php): failed to open stream: No such file or directory in C:\Users\Admin\Documents\GitHub\phpProject\OSPanel\domains\MStore\views\catalog\index.php on line 6
[31-Jul-2019 07:45:19 Europe/Moscow] PHP Warning:  include(): Failed opening 'C:/Users/Admin/Documents/GitHub/phpProject/OSPanel/domains/MStore/views/layouts/newProduct.php' for inclusion (include_path='.;c:/users/admin/documents/github/phpproject/ospanel/modules/php/PHP_7.3-x64;c:/users/admin/documents/github/phpproject/ospanel/modules/php/PHP_7.3-x64/PEAR/pear') in C:\Users\Admin\Documents\GitHub\phpProject\OSPanel\domains\MStore\views\catalog\index.php on line 6
[31-Jul-2019 07:45:20 Europe/Moscow] PHP Warning:  call_user_func_array() expects parameter 1 to be a valid callback, class 'SiteController' does not have a method 'actionIndextsite' in C:\Users\Admin\Documents\GitHub\phpProject\OSPanel\domains\MStore\components\Router.php on line 59
[31-Jul-2019 07:45:22 Europe/Moscow] PHP Warning:  call_user_func_array() expects parameter 1 to be a valid callback, class 'SiteController' does not have a method 'actionIndextsite' in C:\Users\Admin\Documents\GitHub\phpProject\OSPanel\domains\MStore\components\Router.php on line 59
[31-Jul-2019 07:45:51 Europe/Moscow] PHP Warning:  include(C:\Users\Admin\Documents\GitHub\phpProject\OSPanel\domains\MStore\views\layouts\newProduct.php): failed to open stream: No such file or directory in C:\Users\Admin\Documents\GitHub\phpProject\OSPanel\domains\MStore\views\catalog\index.php on line 6
[31-Jul-2019 07:45:51 Europe/Moscow] PHP Warning:  include(): Failed opening 'C:/Users/Admin/Documents/GitHub/phpProject/OSPanel/domains/MStore/views/layouts/newProduct.php' for inclusion (include_path='.;c:/users/admin/documents/github/phpproject/ospanel/modules/php/PHP_7.3-x64;c:/users/admin/documents/github/phpproject/ospanel/modules/php/PHP_7.3-x64/PEAR/pear') in C:\Users\Admin\Documents\GitHub\phpProject\OSPanel\domains\MStore\views\catalog\index.php on line 6
[31-Jul-2019 07:45:51 Europe/Moscow] PHP Warning:  call_user_func_array() expects parameter 1 to be a valid callback, class 'SiteController' does not have a method 'actionIndextsite' in C:\Users\Admin\Documents\GitHub\phpProject\OSPanel\domains\MStore\components\Router.php on line 59
[31-Jul-2019 07:46:03 Europe/Moscow] PHP Warning:  call_user_func_array() expects parameter 1 to be a valid callback, class 'SiteController' does not have a method 'actionIndextsite' in C:\Users\Admin\Documents\GitHub\phpProject\OSPanel\domains\MStore\components\Router.php on line 59
[31-Jul-2019 07:46:04 Europe/Moscow] PHP Warning:  call_user_func_array() expects parameter 1 to be a valid callback, class 'SiteController' does not have a method 'actionIndextsite' in C:\Users\Admin\Documents\GitHub\phpProject\OSPanel\domains\MStore\components\Router.php on line 59
[31-Jul-2019 08:54:04 Europe/Moscow] PHP Warning:  call_user_func_array() expects parameter 1 to be a valid callback, class 'SiteController' does not have a method 'actionIndextsite' in C:\Users\Admin\Documents\GitHub\phpProject\OSPanel\domains\MStore\components\Router.php on line 59
[31-Jul-2019 08:54:04 Europe/Moscow] PHP Warning:  call_user_func_array() expects parameter 1 to be a valid callback, class 'SiteController' does not have a method 'actionIndextsite' in C:\Users\Admin\Documents\GitHub\phpProject\OSPanel\domains\MStore\components\Router.php on line 59
[31-Jul-2019 09:14:51 Europe/Moscow] PHP Fatal error:  Uncaught Error: Class 'R' not found in C:\Users\Admin\Documents\GitHub\phpProject\OSPanel\domains\test\script.php:7
Stack trace:
#0 {main}
  thrown in C:\Users\Admin\Documents\GitHub\phpProject\OSPanel\domains\test\script.php on line 7
[31-Jul-2019 09:15:25 Europe/Moscow] PHP Warning:  include(/config.php): failed to open stream: No such file or directory in C:\Users\Admin\Documents\GitHub\phpProject\OSPanel\domains\test\db\db.php on line 5
[31-Jul-2019 09:15:25 Europe/Moscow] PHP Warning:  include(): Failed opening '/config.php' for inclusion (include_path='.;c:/users/admin/documents/github/phpproject/ospanel/modules/php/PHP_7.3-x64;c:/users/admin/documents/github/phpproject/ospanel/modules/php/PHP_7.3-x64/PEAR/pear') in C:\Users\Admin\Documents\GitHub\phpProject\OSPanel\domains\test\db\db.php on line 5
[31-Jul-2019 09:15:25 Europe/Moscow] PHP Fatal error:  Uncaught PDOException: Could not connect to database (?). in C:\Users\Admin\Documents\GitHub\phpProject\OSPanel\domains\test\db\rb.php:1017
Stack trace:
#0 C:\Users\Admin\Documents\GitHub\phpProject\OSPanel\domains\test\db\rb.php(741): RedBeanPHP\Driver\RPDO->connect()
#1 C:\Users\Admin\Documents\GitHub\phpProject\OSPanel\domains\test\db\rb.php(1041): RedBeanPHP\Driver\RPDO->runQuery('SELECT product_...', Array)
#2 C:\Users\Admin\Documents\GitHub\phpProject\OSPanel\domains\test\db\rb.php(4167): RedBeanPHP\Driver\RPDO->GetAll('SELECT product_...', Array)
#3 C:\Users\Admin\Documents\GitHub\phpProject\OSPanel\domains\test\db\rb.php(12222): RedBeanPHP\Adapter\DBAdapter->get('SELECT product_...', Array)
#4 C:\Users\Admin\Documents\GitHub\phpProject\OSPanel\domains\test\db\rb.php(13154): RedBeanPHP\Facade::query('get', 'SELECT product_...', Array)
#5 C:\Users\Admin\Documents\GitHub\phpProject\OSPanel\domains\test\script.php(8): RedBeanPHP\Facade::getAll('SELECT product_...')
#6 {main}
  thrown in C:\Users\Admin\Documents\GitHub\phpProject\OSPanel\domains\test\db\rb.php on line 1017
[31-Jul-2019 09:16:08 Europe/Moscow] PHP Parse error:  syntax error, unexpected '=', expecting ')' in C:\Users\Admin\Documents\GitHub\phpProject\OSPanel\domains\test\db\config.php on line 4
[31-Jul-2019 09:16:23 Europe/Moscow] PHP Fatal error:  Uncaught PDOException: Could not connect to database (mstore). in C:\Users\Admin\Documents\GitHub\phpProject\OSPanel\domains\test\db\rb.php:1017
Stack trace:
#0 C:\Users\Admin\Documents\GitHub\phpProject\OSPanel\domains\test\db\rb.php(741): RedBeanPHP\Driver\RPDO->connect()
#1 C:\Users\Admin\Documents\GitHub\phpProject\OSPanel\domains\test\db\rb.php(1041): RedBeanPHP\Driver\RPDO->runQuery('SELECT product_...', Array)
#2 C:\Users\Admin\Documents\GitHub\phpProject\OSPanel\domains\test\db\rb.php(4167): RedBeanPHP\Driver\RPDO->GetAll('SELECT product_...', Array)
#3 C:\Users\Admin\Documents\GitHub\phpProject\OSPanel\domains\test\db\rb.php(12222): RedBeanPHP\Adapter\DBAdapter->get('SELECT product_...', Array)
#4 C:\Users\Admin\Documents\GitHub\phpProject\OSPanel\domains\test\db\rb.php(13154): RedBeanPHP\Facade::query('get', 'SELECT product_...', Array)
#5 C:\Users\Admin\Documents\GitHub\phpProject\OSPanel\domains\test\script.php(8): RedBeanPHP\Facade::getAll('SELECT product_...')
#6 {main}
  thrown in C:\Users\Admin\Documents\GitHub\phpProject\OSPanel\domains\test\db\rb.php on line 1017
[31-Jul-2019 09:17:55 Europe/Moscow] PHP Warning:  Use of undefined constant ROOT - assumed 'ROOT' (this will throw an Error in a future version of PHP) in C:\Users\Admin\Documents\GitHub\phpProject\OSPanel\domains\test\db\db.php on line 7
[31-Jul-2019 09:17:55 Europe/Moscow] PHP Warning:  require(ROOT/libs/rb.php): failed to open stream: No such file or directory in C:\Users\Admin\Documents\GitHub\phpProject\OSPanel\domains\test\db\db.php on line 7
[31-Jul-2019 09:17:55 Europe/Moscow] PHP Fatal error:  require(): Failed opening required 'ROOT/libs/rb.php' (include_path='.;c:/users/admin/documents/github/phpproject/ospanel/modules/php/PHP_7.3-x64;c:/users/admin/documents/github/phpproject/ospanel/modules/php/PHP_7.3-x64/PEAR/pear') in C:\Users\Admin\Documents\GitHub\phpProject\OSPanel\domains\test\db\db.php on line 7
[31-Jul-2019 09:17:56 Europe/Moscow] PHP Warning:  Use of undefined constant ROOT - assumed 'ROOT' (this will throw an Error in a future version of PHP) in C:\Users\Admin\Documents\GitHub\phpProject\OSPanel\domains\test\db\db.php on line 7
[31-Jul-2019 09:17:56 Europe/Moscow] PHP Warning:  require(ROOT/libs/rb.php): failed to open stream: No such file or directory in C:\Users\Admin\Documents\GitHub\phpProject\OSPanel\domains\test\db\db.php on line 7
[31-Jul-2019 09:17:56 Europe/Moscow] PHP Fatal error:  require(): Failed opening required 'ROOT/libs/rb.php' (include_path='.;c:/users/admin/documents/github/phpproject/ospanel/modules/php/PHP_7.3-x64;c:/users/admin/documents/github/phpproject/ospanel/modules/php/PHP_7.3-x64/PEAR/pear') in C:\Users\Admin\Documents\GitHub\phpProject\OSPanel\domains\test\db\db.php on line 7
[31-Jul-2019 09:18:08 Europe/Moscow] PHP Warning:  require(/libs/rb.php): failed to open stream: No such file or directory in C:\Users\Admin\Documents\GitHub\phpProject\OSPanel\domains\test\db\db.php on line 7
[31-Jul-2019 09:18:08 Europe/Moscow] PHP Fatal error:  require(): Failed opening required '/libs/rb.php' (include_path='.;c:/users/admin/documents/github/phpproject/ospanel/modules/php/PHP_7.3-x64;c:/users/admin/documents/github/phpproject/ospanel/modules/php/PHP_7.3-x64/PEAR/pear') in C:\Users\Admin\Documents\GitHub\phpProject\OSPanel\domains\test\db\db.php on line 7
[31-Jul-2019 09:18:18 Europe/Moscow] PHP Warning:  include(/config/dbConfig.php): failed to open stream: No such file or directory in C:\Users\Admin\Documents\GitHub\phpProject\OSPanel\domains\test\db\db.php on line 10
[31-Jul-2019 09:18:18 Europe/Moscow] PHP Warning:  include(): Failed opening '/config/dbConfig.php' for inclusion (include_path='.;c:/users/admin/documents/github/phpproject/ospanel/modules/php/PHP_7.3-x64;c:/users/admin/documents/github/phpproject/ospanel/modules/php/PHP_7.3-x64/PEAR/pear') in C:\Users\Admin\Documents\GitHub\phpProject\OSPanel\domains\test\db\db.php on line 10
[31-Jul-2019 09:18:18 Europe/Moscow] PHP Fatal error:  Uncaught PDOException: Could not connect to database (?). in C:\Users\Admin\Documents\GitHub\phpProject\OSPanel\domains\test\db\rb.php:1017
Stack trace:
#0 C:\Users\Admin\Documents\GitHub\phpProject\OSPanel\domains\test\db\rb.php(741): RedBeanPHP\Driver\RPDO->connect()
#1 C:\Users\Admin\Documents\GitHub\phpProject\OSPanel\domains\test\db\rb.php(1041): RedBeanPHP\Driver\RPDO->runQuery('SELECT product_...', Array)
#2 C:\Users\Admin\Documents\GitHub\phpProject\OSPanel\domains\test\db\rb.php(4167): RedBeanPHP\Driver\RPDO->GetAll('SELECT product_...', Array)
#3 C:\Users\Admin\Documents\GitHub\phpProject\OSPanel\domains\test\db\rb.php(12222): RedBeanPHP\Adapter\DBAdapter->get('SELECT product_...', Array)
#4 C:\Users\Admin\Documents\GitHub\phpProject\OSPanel\domains\test\db\rb.php(13154): RedBeanPHP\Facade::query('get', 'SELECT product_...', Array)
#5 C:\Users\Admin\Documents\GitHub\phpProject\OSPanel\domains\test\script.php(10): RedBeanPHP\Facade::getAll('SELECT product_...')
#6 {main}
  thrown in C:\Users\Admin\Documents\GitHub\phpProject\OSPanel\domains\test\db\rb.php on line 1017
[31-Jul-2019 09:18:29 Europe/Moscow] PHP Fatal error:  Uncaught [42000] - SQLSTATE[42000]: Syntax error or access violation: 1064 You have an error in your SQL syntax; check the manual that corresponds to your MariaDB server version for the right syntax to use near '' at line 1
trace: #0 C:\Users\Admin\Documents\GitHub\phpProject\OSPanel\domains\test\db\rb.php(1041): RedBeanPHP\Driver\RPDO->runQuery('SELECT product_...', Array)
#1 C:\Users\Admin\Documents\GitHub\phpProject\OSPanel\domains\test\db\rb.php(4167): RedBeanPHP\Driver\RPDO->GetAll('SELECT product_...', Array)
#2 C:\Users\Admin\Documents\GitHub\phpProject\OSPanel\domains\test\db\rb.php(12222): RedBeanPHP\Adapter\DBAdapter->get('SELECT product_...', Array)
#3 C:\Users\Admin\Documents\GitHub\phpProject\OSPanel\domains\test\db\rb.php(13154): RedBeanPHP\Facade::query('get', 'SELECT product_...', Array)
#4 C:\Users\Admin\Documents\GitHub\phpProject\OSPanel\domains\test\script.php(10): RedBeanPHP\Facade::getAll('SELECT product_...')
#5 {main}
  thrown in C:\Users\Admin\Documents\GitHub\phpProject\OSPanel\domains\test\db\rb.php on line 774
[31-Jul-2019 09:26:08 Europe/Moscow] PHP Fatal error:  Cannot use [] for reading in C:\Users\Admin\Documents\GitHub\phpProject\OSPanel\domains\test\script.php on line 14
[31-Jul-2019 09:31:14 Europe/Moscow] PHP Fatal error:  Uncaught [42000] - SQLSTATE[42000]: Syntax error or access violation: 1064 You have an error in your SQL syntax; check the manual that corresponds to your MariaDB server version for the right syntax to use near '::genSlots(Array)) = 1 ORDER BY id DESC LIMIT self::SHOW_BY_DEFAULT' at line 1
trace: #0 C:\Users\Admin\Documents\GitHub\phpProject\OSPanel\domains\test\db\rb.php(1041): RedBeanPHP\Driver\RPDO->runQuery('SELECT id, pric...', Array)
#1 C:\Users\Admin\Documents\GitHub\phpProject\OSPanel\domains\test\db\rb.php(4167): RedBeanPHP\Driver\RPDO->GetAll('SELECT id, pric...', Array)
#2 C:\Users\Admin\Documents\GitHub\phpProject\OSPanel\domains\test\db\rb.php(12222): RedBeanPHP\Adapter\DBAdapter->get('SELECT id, pric...', Array)
#3 C:\Users\Admin\Documents\GitHub\phpProject\OSPanel\domains\test\db\rb.php(13154): RedBeanPHP\Facade::query('get', 'SELECT id, pric...', Array)
#4 C:\Users\Admin\Documents\GitHub\phpProject\OSPanel\domains\test\script.php(17): RedBeanPHP\Facade::getAll('SELECT id, pric...')
#5 {main}
  in C:\Users\Admin\Documents\GitHub\phpProject\OSPanel\domains\test\db\rb.php on line 774
[31-Jul-2019 09:31:45 Europe/Moscow] PHP Fatal error:  Uncaught [42000] - SQLSTATE[42000]: Syntax error or access violation: 1064 You have an error in your SQL syntax; check the manual that corresponds to your MariaDB server version for the right syntax to use near '::genSlots(Array)) ORDER BY id DESC LIMIT self::SHOW_BY_DEFAULT' at line 1
trace: #0 C:\Users\Admin\Documents\GitHub\phpProject\OSPanel\domains\test\db\rb.php(1041): RedBeanPHP\Driver\RPDO->runQuery('SELECT id, pric...', Array)
#1 C:\Users\Admin\Documents\GitHub\phpProject\OSPanel\domains\test\db\rb.php(4167): RedBeanPHP\Driver\RPDO->GetAll('SELECT id, pric...', Array)
#2 C:\Users\Admin\Documents\GitHub\phpProject\OSPanel\domains\test\db\rb.php(12222): RedBeanPHP\Adapter\DBAdapter->get('SELECT id, pric...', Array)
#3 C:\Users\Admin\Documents\GitHub\phpProject\OSPanel\domains\test\db\rb.php(13154): RedBeanPHP\Facade::query('get', 'SELECT id, pric...', Array)
#4 C:\Users\Admin\Documents\GitHub\phpProject\OSPanel\domains\test\script.php(17): RedBeanPHP\Facade::getAll('SELECT id, pric...')
#5 {main}
  thr in C:\Users\Admin\Documents\GitHub\phpProject\OSPanel\domains\test\db\rb.php on line 774
[31-Jul-2019 09:31:46 Europe/Moscow] PHP Fatal error:  Uncaught [42000] - SQLSTATE[42000]: Syntax error or access violation: 1064 You have an error in your SQL syntax; check the manual that corresponds to your MariaDB server version for the right syntax to use near '::genSlots(Array)) ORDER BY id DESC LIMIT self::SHOW_BY_DEFAULT' at line 1
trace: #0 C:\Users\Admin\Documents\GitHub\phpProject\OSPanel\domains\test\db\rb.php(1041): RedBeanPHP\Driver\RPDO->runQuery('SELECT id, pric...', Array)
#1 C:\Users\Admin\Documents\GitHub\phpProject\OSPanel\domains\test\db\rb.php(4167): RedBeanPHP\Driver\RPDO->GetAll('SELECT id, pric...', Array)
#2 C:\Users\Admin\Documents\GitHub\phpProject\OSPanel\domains\test\db\rb.php(12222): RedBeanPHP\Adapter\DBAdapter->get('SELECT id, pric...', Array)
#3 C:\Users\Admin\Documents\GitHub\phpProject\OSPanel\domains\test\db\rb.php(13154): RedBeanPHP\Facade::query('get', 'SELECT id, pric...', Array)
#4 C:\Users\Admin\Documents\GitHub\phpProject\OSPanel\domains\test\script.php(17): RedBeanPHP\Facade::getAll('SELECT id, pric...')
#5 {main}
  thr in C:\Users\Admin\Documents\GitHub\phpProject\OSPanel\domains\test\db\rb.php on line 774
[31-Jul-2019 09:31:57 Europe/Moscow] PHP Fatal error:  Uncaught [42000] - SQLSTATE[42000]: Syntax error or access violation: 1064 You have an error in your SQL syntax; check the manual that corresponds to your MariaDB server version for the right syntax to use near '::genSlots(Array)) ORDER BY id DESC' at line 1
trace: #0 C:\Users\Admin\Documents\GitHub\phpProject\OSPanel\domains\test\db\rb.php(1041): RedBeanPHP\Driver\RPDO->runQuery('SELECT id, pric...', Array)
#1 C:\Users\Admin\Documents\GitHub\phpProject\OSPanel\domains\test\db\rb.php(4167): RedBeanPHP\Driver\RPDO->GetAll('SELECT id, pric...', Array)
#2 C:\Users\Admin\Documents\GitHub\phpProject\OSPanel\domains\test\db\rb.php(12222): RedBeanPHP\Adapter\DBAdapter->get('SELECT id, pric...', Array)
#3 C:\Users\Admin\Documents\GitHub\phpProject\OSPanel\domains\test\db\rb.php(13154): RedBeanPHP\Facade::query('get', 'SELECT id, pric...', Array)
#4 C:\Users\Admin\Documents\GitHub\phpProject\OSPanel\domains\test\script.php(17): RedBeanPHP\Facade::getAll('SELECT id, pric...')
#5 {main}
  thrown in C:\Users\Admin\Documents\GitHub\phpProject\OSPanel\domains\test\db\rb.php on line 774
[31-Jul-2019 09:31:58 Europe/Moscow] PHP Fatal error:  Uncaught [42000] - SQLSTATE[42000]: Syntax error or access violation: 1064 You have an error in your SQL syntax; check the manual that corresponds to your MariaDB server version for the right syntax to use near '::genSlots(Array)) ORDER BY id DESC' at line 1
trace: #0 C:\Users\Admin\Documents\GitHub\phpProject\OSPanel\domains\test\db\rb.php(1041): RedBeanPHP\Driver\RPDO->runQuery('SELECT id, pric...', Array)
#1 C:\Users\Admin\Documents\GitHub\phpProject\OSPanel\domains\test\db\rb.php(4167): RedBeanPHP\Driver\RPDO->GetAll('SELECT id, pric...', Array)
#2 C:\Users\Admin\Documents\GitHub\phpProject\OSPanel\domains\test\db\rb.php(12222): RedBeanPHP\Adapter\DBAdapter->get('SELECT id, pric...', Array)
#3 C:\Users\Admin\Documents\GitHub\phpProject\OSPanel\domains\test\db\rb.php(13154): RedBeanPHP\Facade::query('get', 'SELECT id, pric...', Array)
#4 C:\Users\Admin\Documents\GitHub\phpProject\OSPanel\domains\test\script.php(17): RedBeanPHP\Facade::getAll('SELECT id, pric...')
#5 {main}
  thrown in C:\Users\Admin\Documents\GitHub\phpProject\OSPanel\domains\test\db\rb.php on line 774
[31-Jul-2019 09:31:58 Europe/Moscow] PHP Fatal error:  Uncaught [42000] - SQLSTATE[42000]: Syntax error or access violation: 1064 You have an error in your SQL syntax; check the manual that corresponds to your MariaDB server version for the right syntax to use near '::genSlots(Array)) ORDER BY id DESC' at line 1
trace: #0 C:\Users\Admin\Documents\GitHub\phpProject\OSPanel\domains\test\db\rb.php(1041): RedBeanPHP\Driver\RPDO->runQuery('SELECT id, pric...', Array)
#1 C:\Users\Admin\Documents\GitHub\phpProject\OSPanel\domains\test\db\rb.php(4167): RedBeanPHP\Driver\RPDO->GetAll('SELECT id, pric...', Array)
#2 C:\Users\Admin\Documents\GitHub\phpProject\OSPanel\domains\test\db\rb.php(12222): RedBeanPHP\Adapter\DBAdapter->get('SELECT id, pric...', Array)
#3 C:\Users\Admin\Documents\GitHub\phpProject\OSPanel\domains\test\db\rb.php(13154): RedBeanPHP\Facade::query('get', 'SELECT id, pric...', Array)
#4 C:\Users\Admin\Documents\GitHub\phpProject\OSPanel\domains\test\script.php(17): RedBeanPHP\Facade::getAll('SELECT id, pric...')
#5 {main}
  thrown in C:\Users\Admin\Documents\GitHub\phpProject\OSPanel\domains\test\db\rb.php on line 774
[31-Jul-2019 09:32:51 Europe/Moscow] PHP Fatal error:  Uncaught [42000] - SQLSTATE[42000]: Syntax error or access violation: 1064 You have an error in your SQL syntax; check the manual that corresponds to your MariaDB server version for the right syntax to use near '::genSlots(Array)) ORDER BY id DESC' at line 1
trace: #0 C:\Users\Admin\Documents\GitHub\phpProject\OSPanel\domains\test\db\rb.php(1041): RedBeanPHP\Driver\RPDO->runQuery('SELECT id, pric...', Array)
#1 C:\Users\Admin\Documents\GitHub\phpProject\OSPanel\domains\test\db\rb.php(4167): RedBeanPHP\Driver\RPDO->GetAll('SELECT id, pric...', Array)
#2 C:\Users\Admin\Documents\GitHub\phpProject\OSPanel\domains\test\db\rb.php(12222): RedBeanPHP\Adapter\DBAdapter->get('SELECT id, pric...', Array)
#3 C:\Users\Admin\Documents\GitHub\phpProject\OSPanel\domains\test\db\rb.php(13154): RedBeanPHP\Facade::query('get', 'SELECT id, pric...', Array)
#4 C:\Users\Admin\Documents\GitHub\phpProject\OSPanel\domains\test\script.php(17): RedBeanPHP\Facade::getAll('SELECT id, pric...', Array)
#5 {main}
  thrown in C:\Users\Admin\Documents\GitHub\phpProject\OSPanel\domains\test\db\rb.php on line 774
[31-Jul-2019 09:32:53 Europe/Moscow] PHP Fatal error:  Uncaught [42000] - SQLSTATE[42000]: Syntax error or access violation: 1064 You have an error in your SQL syntax; check the manual that corresponds to your MariaDB server version for the right syntax to use near '::genSlots(Array)) ORDER BY id DESC' at line 1
trace: #0 C:\Users\Admin\Documents\GitHub\phpProject\OSPanel\domains\test\db\rb.php(1041): RedBeanPHP\Driver\RPDO->runQuery('SELECT id, pric...', Array)
#1 C:\Users\Admin\Documents\GitHub\phpProject\OSPanel\domains\test\db\rb.php(4167): RedBeanPHP\Driver\RPDO->GetAll('SELECT id, pric...', Array)
#2 C:\Users\Admin\Documents\GitHub\phpProject\OSPanel\domains\test\db\rb.php(12222): RedBeanPHP\Adapter\DBAdapter->get('SELECT id, pric...', Array)
#3 C:\Users\Admin\Documents\GitHub\phpProject\OSPanel\domains\test\db\rb.php(13154): RedBeanPHP\Facade::query('get', 'SELECT id, pric...', Array)
#4 C:\Users\Admin\Documents\GitHub\phpProject\OSPanel\domains\test\script.php(17): RedBeanPHP\Facade::getAll('SELECT id, pric...', Array)
#5 {main}
  thrown in C:\Users\Admin\Documents\GitHub\phpProject\OSPanel\domains\test\db\rb.php on line 774
[31-Jul-2019 09:32:53 Europe/Moscow] PHP Fatal error:  Uncaught [42000] - SQLSTATE[42000]: Syntax error or access violation: 1064 You have an error in your SQL syntax; check the manual that corresponds to your MariaDB server version for the right syntax to use near '::genSlots(Array)) ORDER BY id DESC' at line 1
trace: #0 C:\Users\Admin\Documents\GitHub\phpProject\OSPanel\domains\test\db\rb.php(1041): RedBeanPHP\Driver\RPDO->runQuery('SELECT id, pric...', Array)
#1 C:\Users\Admin\Documents\GitHub\phpProject\OSPanel\domains\test\db\rb.php(4167): RedBeanPHP\Driver\RPDO->GetAll('SELECT id, pric...', Array)
#2 C:\Users\Admin\Documents\GitHub\phpProject\OSPanel\domains\test\db\rb.php(12222): RedBeanPHP\Adapter\DBAdapter->get('SELECT id, pric...', Array)
#3 C:\Users\Admin\Documents\GitHub\phpProject\OSPanel\domains\test\db\rb.php(13154): RedBeanPHP\Facade::query('get', 'SELECT id, pric...', Array)
#4 C:\Users\Admin\Documents\GitHub\phpProject\OSPanel\domains\test\script.php(17): RedBeanPHP\Facade::getAll('SELECT id, pric...', Array)
#5 {main}
  thrown in C:\Users\Admin\Documents\GitHub\phpProject\OSPanel\domains\test\db\rb.php on line 774
[31-Jul-2019 09:37:54 Europe/Moscow] PHP Notice:  Undefined variable: products in C:\Users\Admin\Documents\GitHub\phpProject\OSPanel\domains\MStore\views\layouts\Products.php on line 3
[31-Jul-2019 09:37:54 Europe/Moscow] PHP Warning:  Invalid argument supplied for foreach() in C:\Users\Admin\Documents\GitHub\phpProject\OSPanel\domains\MStore\views\layouts\Products.php on line 3
[31-Jul-2019 09:38:26 Europe/Moscow] PHP Notice:  Undefined variable: products in C:\Users\Admin\Documents\GitHub\phpProject\OSPanel\domains\MStore\views\layouts\Products.php on line 3
[31-Jul-2019 09:38:26 Europe/Moscow] PHP Warning:  Invalid argument supplied for foreach() in C:\Users\Admin\Documents\GitHub\phpProject\OSPanel\domains\MStore\views\layouts\Products.php on line 3
[31-Jul-2019 09:38:27 Europe/Moscow] PHP Notice:  Undefined variable: products in C:\Users\Admin\Documents\GitHub\phpProject\OSPanel\domains\MStore\views\layouts\Products.php on line 3
[31-Jul-2019 09:38:27 Europe/Moscow] PHP Warning:  Invalid argument supplied for foreach() in C:\Users\Admin\Documents\GitHub\phpProject\OSPanel\domains\MStore\views\layouts\Products.php on line 3
[31-Jul-2019 09:38:37 Europe/Moscow] PHP Notice:  Undefined variable: products in C:\Users\Admin\Documents\GitHub\phpProject\OSPanel\domains\MStore\views\layouts\Products.php on line 3
[31-Jul-2019 09:38:37 Europe/Moscow] PHP Warning:  Invalid argument supplied for foreach() in C:\Users\Admin\Documents\GitHub\phpProject\OSPanel\domains\MStore\views\layouts\Products.php on line 3
[31-Jul-2019 09:38:52 Europe/Moscow] PHP Notice:  Undefined variable: products in C:\Users\Admin\Documents\GitHub\phpProject\OSPanel\domains\MStore\views\layouts\Products.php on line 3
[31-Jul-2019 09:38:52 Europe/Moscow] PHP Warning:  Invalid argument supplied for foreach() in C:\Users\Admin\Documents\GitHub\phpProject\OSPanel\domains\MStore\views\layouts\Products.php on line 3
[31-Jul-2019 09:44:57 Europe/Moscow] PHP Fatal error:  Uncaught [42000] - SQLSTATE[42000]: Syntax error or access violation: 1064 You have an error in your SQL syntax; check the manual that corresponds to your MariaDB server version for the right syntax to use near ') ORDER BY id DESC LIMIT 10' at line 1
trace: #0 C:\Users\Admin\Documents\GitHub\phpProject\OSPanel\domains\MStore\libs\rb.php(1051): RedBeanPHP\Driver\RPDO->runQuery('SELECT id, pric...', Array)
#1 C:\Users\Admin\Documents\GitHub\phpProject\OSPanel\domains\MStore\libs\rb.php(4189): RedBeanPHP\Driver\RPDO->GetAll('SELECT id, pric...', Array)
#2 C:\Users\Admin\Documents\GitHub\phpProject\OSPanel\domains\MStore\libs\rb.php(11372): RedBeanPHP\Adapter\DBAdapter->get('SELECT id, pric...', Array)
#3 C:\Users\Admin\Documents\GitHub\phpProject\OSPanel\domains\MStore\libs\rb.php(12306): RedBeanPHP\Facade::query('get', 'SELECT id, pric...', Array)
#4 C:\Users\Admin\Documents\GitHub\phpProject\OSPanel\domains\MStore\models\Product.php(25): RedBeanPHP\Facade::getAll('SELECT id, pric...', Array)
#5 C:\Users\Admin\ in C:\Users\Admin\Documents\GitHub\phpProject\OSPanel\domains\MStore\libs\rb.php on line 780
[31-Jul-2019 09:45:01 Europe/Moscow] PHP Fatal error:  Uncaught [42000] - SQLSTATE[42000]: Syntax error or access violation: 1064 You have an error in your SQL syntax; check the manual that corresponds to your MariaDB server version for the right syntax to use near ') ORDER BY id DESC LIMIT 10' at line 1
trace: #0 C:\Users\Admin\Documents\GitHub\phpProject\OSPanel\domains\MStore\libs\rb.php(1051): RedBeanPHP\Driver\RPDO->runQuery('SELECT id, pric...', Array)
#1 C:\Users\Admin\Documents\GitHub\phpProject\OSPanel\domains\MStore\libs\rb.php(4189): RedBeanPHP\Driver\RPDO->GetAll('SELECT id, pric...', Array)
#2 C:\Users\Admin\Documents\GitHub\phpProject\OSPanel\domains\MStore\libs\rb.php(11372): RedBeanPHP\Adapter\DBAdapter->get('SELECT id, pric...', Array)
#3 C:\Users\Admin\Documents\GitHub\phpProject\OSPanel\domains\MStore\libs\rb.php(12306): RedBeanPHP\Facade::query('get', 'SELECT id, pric...', Array)
#4 C:\Users\Admin\Documents\GitHub\phpProject\OSPanel\domains\MStore\models\Product.php(25): RedBeanPHP\Facade::getAll('SELECT id, pric...', Array)
#5 C:\Users\Admin\ in C:\Users\Admin\Documents\GitHub\phpProject\OSPanel\domains\MStore\libs\rb.php on line 780
[31-Jul-2019 09:47:54 Europe/Moscow] PHP Fatal error:  Uncaught [42000] - SQLSTATE[42000]: Syntax error or access violation: 1064 You have an error in your SQL syntax; check the manual that corresponds to your MariaDB server version for the right syntax to use near ') ORDER BY id DESC LIMIT 10' at line 1
trace: #0 C:\Users\Admin\Documents\GitHub\phpProject\OSPanel\domains\MStore\libs\rb.php(1051): RedBeanPHP\Driver\RPDO->runQuery('SELECT id, pric...', Array)
#1 C:\Users\Admin\Documents\GitHub\phpProject\OSPanel\domains\MStore\libs\rb.php(4189): RedBeanPHP\Driver\RPDO->GetAll('SELECT id, pric...', Array)
#2 C:\Users\Admin\Documents\GitHub\phpProject\OSPanel\domains\MStore\libs\rb.php(11372): RedBeanPHP\Adapter\DBAdapter->get('SELECT id, pric...', Array)
#3 C:\Users\Admin\Documents\GitHub\phpProject\OSPanel\domains\MStore\libs\rb.php(12306): RedBeanPHP\Facade::query('get', 'SELECT id, pric...', Array)
#4 C:\Users\Admin\Documents\GitHub\phpProject\OSPanel\domains\MStore\models\Product.php(26): RedBeanPHP\Facade::getAll('SELECT id, pric...', Array)
#5 C:\Users\Admin\ in C:\Users\Admin\Documents\GitHub\phpProject\OSPanel\domains\MStore\libs\rb.php on line 780
[31-Jul-2019 09:47:55 Europe/Moscow] PHP Fatal error:  Uncaught [42000] - SQLSTATE[42000]: Syntax error or access violation: 1064 You have an error in your SQL syntax; check the manual that corresponds to your MariaDB server version for the right syntax to use near ') ORDER BY id DESC LIMIT 10' at line 1
trace: #0 C:\Users\Admin\Documents\GitHub\phpProject\OSPanel\domains\MStore\libs\rb.php(1051): RedBeanPHP\Driver\RPDO->runQuery('SELECT id, pric...', Array)
#1 C:\Users\Admin\Documents\GitHub\phpProject\OSPanel\domains\MStore\libs\rb.php(4189): RedBeanPHP\Driver\RPDO->GetAll('SELECT id, pric...', Array)
#2 C:\Users\Admin\Documents\GitHub\phpProject\OSPanel\domains\MStore\libs\rb.php(11372): RedBeanPHP\Adapter\DBAdapter->get('SELECT id, pric...', Array)
#3 C:\Users\Admin\Documents\GitHub\phpProject\OSPanel\domains\MStore\libs\rb.php(12306): RedBeanPHP\Facade::query('get', 'SELECT id, pric...', Array)
#4 C:\Users\Admin\Documents\GitHub\phpProject\OSPanel\domains\MStore\models\Product.php(26): RedBeanPHP\Facade::getAll('SELECT id, pric...', Array)
#5 C:\Users\Admin\ in C:\Users\Admin\Documents\GitHub\phpProject\OSPanel\domains\MStore\libs\rb.php on line 780
[31-Jul-2019 09:47:57 Europe/Moscow] PHP Fatal error:  Uncaught [42000] - SQLSTATE[42000]: Syntax error or access violation: 1064 You have an error in your SQL syntax; check the manual that corresponds to your MariaDB server version for the right syntax to use near ') ORDER BY id DESC LIMIT 10' at line 1
trace: #0 C:\Users\Admin\Documents\GitHub\phpProject\OSPanel\domains\MStore\libs\rb.php(1051): RedBeanPHP\Driver\RPDO->runQuery('SELECT id, pric...', Array)
#1 C:\Users\Admin\Documents\GitHub\phpProject\OSPanel\domains\MStore\libs\rb.php(4189): RedBeanPHP\Driver\RPDO->GetAll('SELECT id, pric...', Array)
#2 C:\Users\Admin\Documents\GitHub\phpProject\OSPanel\domains\MStore\libs\rb.php(11372): RedBeanPHP\Adapter\DBAdapter->get('SELECT id, pric...', Array)
#3 C:\Users\Admin\Documents\GitHub\phpProject\OSPanel\domains\MStore\libs\rb.php(12306): RedBeanPHP\Facade::query('get', 'SELECT id, pric...', Array)
#4 C:\Users\Admin\Documents\GitHub\phpProject\OSPanel\domains\MStore\models\Product.php(26): RedBeanPHP\Facade::getAll('SELECT id, pric...', Array)
#5 C:\Users\Admin\ in C:\Users\Admin\Documents\GitHub\phpProject\OSPanel\domains\MStore\libs\rb.php on line 780
[31-Jul-2019 09:48:26 Europe/Moscow] PHP Fatal error:  Uncaught [42000] - SQLSTATE[42000]: Syntax error or access violation: 1064 You have an error in your SQL syntax; check the manual that corresponds to your MariaDB server version for the right syntax to use near ') ORDER BY id DESC' at line 1
trace: #0 C:\Users\Admin\Documents\GitHub\phpProject\OSPanel\domains\test\db\rb.php(1041): RedBeanPHP\Driver\RPDO->runQuery('SELECT id, pric...', Array)
#1 C:\Users\Admin\Documents\GitHub\phpProject\OSPanel\domains\test\db\rb.php(4167): RedBeanPHP\Driver\RPDO->GetAll('SELECT id, pric...', Array)
#2 C:\Users\Admin\Documents\GitHub\phpProject\OSPanel\domains\test\db\rb.php(12222): RedBeanPHP\Adapter\DBAdapter->get('SELECT id, pric...', Array)
#3 C:\Users\Admin\Documents\GitHub\phpProject\OSPanel\domains\test\db\rb.php(13154): RedBeanPHP\Facade::query('get', 'SELECT id, pric...', Array)
#4 C:\Users\Admin\Documents\GitHub\phpProject\OSPanel\domains\test\script.php(17): RedBeanPHP\Facade::getAll('SELECT id, pric...', Array)
#5 {main}
  thrown in C:\Users\Admin\Documents\GitHub\phpProject\OSPanel\domains\test\db\rb.php on line 774
[31-Jul-2019 09:50:31 Europe/Moscow] PHP Warning:  Invalid argument supplied for foreach() in C:\Users\Admin\Documents\GitHub\phpProject\OSPanel\domains\MStore\views\layouts\products.php on line 3
[31-Jul-2019 09:50:31 Europe/Moscow] PHP Fatal error:  Cannot declare class RedBeanPHP\RedException, because the name is already in use in C:\Users\Admin\Documents\GitHub\phpProject\OSPanel\domains\MStore\libs\rb.php on line 7388
[31-Jul-2019 09:52:02 Europe/Moscow] PHP Fatal error:  Cannot declare class RedBeanPHP\RedException, because the name is already in use in C:\Users\Admin\Documents\GitHub\phpProject\OSPanel\domains\MStore\libs\rb.php on line 7388
[31-Jul-2019 09:52:58 Europe/Moscow] PHP Fatal error:  Cannot declare class RedBeanPHP\RedException, because the name is already in use in C:\Users\Admin\Documents\GitHub\phpProject\OSPanel\domains\MStore\libs\rb.php on line 7388
[31-Jul-2019 09:53:16 Europe/Moscow] PHP Fatal error:  Cannot declare class RedBeanPHP\RedException, because the name is already in use in C:\Users\Admin\Documents\GitHub\phpProject\OSPanel\domains\MStore\libs\rb.php on line 7388
[31-Jul-2019 09:53:25 Europe/Moscow] PHP Fatal error:  Cannot declare class RedBeanPHP\RedException, because the name is already in use in C:\Users\Admin\Documents\GitHub\phpProject\OSPanel\domains\MStore\libs\rb.php on line 7388
[31-Jul-2019 09:53:25 Europe/Moscow] PHP Fatal error:  Cannot declare class RedBeanPHP\RedException, because the name is already in use in C:\Users\Admin\Documents\GitHub\phpProject\OSPanel\domains\MStore\libs\rb.php on line 7388
[31-Jul-2019 09:53:36 Europe/Moscow] PHP Fatal error:  Cannot declare class RedBeanPHP\RedException, because the name is already in use in C:\Users\Admin\Documents\GitHub\phpProject\OSPanel\domains\MStore\libs\rb.php on line 7388
[31-Jul-2019 09:53:37 Europe/Moscow] PHP Warning:  call_user_func_array() expects parameter 1 to be a valid callback, class 'SiteController' does not have a method 'actionIndextsite' in C:\Users\Admin\Documents\GitHub\phpProject\OSPanel\domains\MStore\components\Router.php on line 59
[31-Jul-2019 09:53:37 Europe/Moscow] PHP Warning:  call_user_func_array() expects parameter 1 to be a valid callback, class 'SiteController' does not have a method 'actionIndextsite' in C:\Users\Admin\Documents\GitHub\phpProject\OSPanel\domains\MStore\components\Router.php on line 59
[31-Jul-2019 09:53:47 Europe/Moscow] PHP Fatal error:  Cannot declare class RedBeanPHP\RedException, because the name is already in use in C:\Users\Admin\Documents\GitHub\phpProject\OSPanel\domains\MStore\libs\rb.php on line 7388
[31-Jul-2019 09:53:48 Europe/Moscow] PHP Warning:  call_user_func_array() expects parameter 1 to be a valid callback, class 'SiteController' does not have a method 'actionIndextsite' in C:\Users\Admin\Documents\GitHub\phpProject\OSPanel\domains\MStore\components\Router.php on line 59
[31-Jul-2019 09:53:48 Europe/Moscow] PHP Warning:  call_user_func_array() expects parameter 1 to be a valid callback, class 'SiteController' does not have a method 'actionIndextsite' in C:\Users\Admin\Documents\GitHub\phpProject\OSPanel\domains\MStore\components\Router.php on line 59
[31-Jul-2019 09:54:34 Europe/Moscow] PHP Warning:  call_user_func_array() expects parameter 1 to be a valid callback, class 'SiteController' does not have a method 'actionIndextsite' in C:\Users\Admin\Documents\GitHub\phpProject\OSPanel\domains\MStore\components\Router.php on line 59
[31-Jul-2019 09:54:34 Europe/Moscow] PHP Warning:  call_user_func_array() expects parameter 1 to be a valid callback, class 'SiteController' does not have a method 'actionIndextsite' in C:\Users\Admin\Documents\GitHub\phpProject\OSPanel\domains\MStore\components\Router.php on line 59
[31-Jul-2019 09:54:41 Europe/Moscow] PHP Fatal error:  Cannot declare class RedBeanPHP\RedException, because the name is already in use in C:\Users\Admin\Documents\GitHub\phpProject\OSPanel\domains\MStore\libs\rb.php on line 7388
[31-Jul-2019 09:54:43 Europe/Moscow] PHP Fatal error:  Cannot declare class RedBeanPHP\RedException, because the name is already in use in C:\Users\Admin\Documents\GitHub\phpProject\OSPanel\domains\MStore\libs\rb.php on line 7388
[31-Jul-2019 09:54:44 Europe/Moscow] PHP Fatal error:  Cannot declare class RedBeanPHP\RedException, because the name is already in use in C:\Users\Admin\Documents\GitHub\phpProject\OSPanel\domains\MStore\libs\rb.php on line 7388
[31-Jul-2019 09:54:53 Europe/Moscow] PHP Fatal error:  Cannot declare class RedBeanPHP\RedException, because the name is already in use in C:\Users\Admin\Documents\GitHub\phpProject\OSPanel\domains\MStore\libs\rb.php on line 7388
[31-Jul-2019 09:54:59 Europe/Moscow] PHP Fatal error:  Cannot declare class RedBeanPHP\RedException, because the name is already in use in C:\Users\Admin\Documents\GitHub\phpProject\OSPanel\domains\MStore\libs\rb.php on line 7388
[31-Jul-2019 09:55:31 Europe/Moscow] PHP Fatal error:  Cannot declare class RedBeanPHP\RedException, because the name is already in use in C:\Users\Admin\Documents\GitHub\phpProject\OSPanel\domains\MStore\libs\rb.php on line 7388
[31-Jul-2019 09:55:48 Europe/Moscow] PHP Fatal error:  Uncaught Error: Class 'R' not found in C:\Users\Admin\Documents\GitHub\phpProject\OSPanel\domains\MStore\models\Category.php:8
Stack trace:
#0 C:\Users\Admin\Documents\GitHub\phpProject\OSPanel\domains\MStore\controllers\CatalogController.php(24): Category::getCategoryList()
#1 C:\Users\Admin\Documents\GitHub\phpProject\OSPanel\domains\MStore\components\Router.php(59): CatalogController->actionCategory('1')
#2 C:\Users\Admin\Documents\GitHub\phpProject\OSPanel\domains\MStore\index.php(18): Router->run()
#3 {main}
  thrown in C:\Users\Admin\Documents\GitHub\phpProject\OSPanel\domains\MStore\models\Category.php on line 8
[31-Jul-2019 09:55:50 Europe/Moscow] PHP Fatal error:  Cannot declare class RedBeanPHP\RedException, because the name is already in use in C:\Users\Admin\Documents\GitHub\phpProject\OSPanel\domains\MStore\libs\rb.php on line 7388
[31-Jul-2019 09:56:02 Europe/Moscow] PHP Fatal error:  Cannot declare class RedBeanPHP\RedException, because the name is already in use in C:\Users\Admin\Documents\GitHub\phpProject\OSPanel\domains\MStore\libs\rb.php on line 7388
[31-Jul-2019 09:56:03 Europe/Moscow] PHP Fatal error:  Cannot declare class RedBeanPHP\RedException, because the name is already in use in C:\Users\Admin\Documents\GitHub\phpProject\OSPanel\domains\MStore\libs\rb.php on line 7388
[31-Jul-2019 09:56:03 Europe/Moscow] PHP Fatal error:  Cannot declare class RedBeanPHP\RedException, because the name is already in use in C:\Users\Admin\Documents\GitHub\phpProject\OSPanel\domains\MStore\libs\rb.php on line 7388
[31-Jul-2019 09:56:05 Europe/Moscow] PHP Fatal error:  Cannot declare class RedBeanPHP\RedException, because the name is already in use in C:\Users\Admin\Documents\GitHub\phpProject\OSPanel\domains\MStore\libs\rb.php on line 7388
[31-Jul-2019 09:56:06 Europe/Moscow] PHP Fatal error:  Cannot declare class RedBeanPHP\RedException, because the name is already in use in C:\Users\Admin\Documents\GitHub\phpProject\OSPanel\domains\MStore\libs\rb.php on line 7388
[31-Jul-2019 09:56:06 Europe/Moscow] PHP Fatal error:  Cannot declare class RedBeanPHP\RedException, because the name is already in use in C:\Users\Admin\Documents\GitHub\phpProject\OSPanel\domains\MStore\libs\rb.php on line 7388
[31-Jul-2019 09:57:38 Europe/Moscow] PHP Fatal error:  Cannot declare class RedBeanPHP\RedException, because the name is already in use in C:\Users\Admin\Documents\GitHub\phpProject\OSPanel\domains\MStore\libs\rb.php on line 7388
[31-Jul-2019 09:57:39 Europe/Moscow] PHP Fatal error:  Cannot declare class RedBeanPHP\RedException, because the name is already in use in C:\Users\Admin\Documents\GitHub\phpProject\OSPanel\domains\MStore\libs\rb.php on line 7388
[31-Jul-2019 10:00:13 Europe/Moscow] PHP Fatal error:  Cannot declare class RedBeanPHP\RedException, because the name is already in use in C:\Users\Admin\Documents\GitHub\phpProject\OSPanel\domains\MStore\libs\rb.php on line 7388
[31-Jul-2019 10:02:08 Europe/Moscow] PHP Warning:  call_user_func_array() expects parameter 1 to be a valid callback, class 'CatalogController' does not have a method 'actionIndex2' in C:\Users\Admin\Documents\GitHub\phpProject\OSPanel\domains\MStore\components\Router.php on line 59
[31-Jul-2019 10:02:08 Europe/Moscow] PHP Warning:  call_user_func_array() expects parameter 1 to be a valid callback, class 'SiteController' does not have a method 'actionIndexcsite' in C:\Users\Admin\Documents\GitHub\phpProject\OSPanel\domains\MStore\components\Router.php on line 59
[31-Jul-2019 10:02:11 Europe/Moscow] PHP Warning:  call_user_func_array() expects parameter 1 to be a valid callback, class 'SiteController' does not have a method 'actionIndexcsite' in C:\Users\Admin\Documents\GitHub\phpProject\OSPanel\domains\MStore\components\Router.php on line 59
[31-Jul-2019 10:03:04 Europe/Moscow] PHP Warning:  call_user_func_array() expects parameter 1 to be a valid callback, class 'SiteController' does not have a method 'actionIndexcsite' in C:\Users\Admin\Documents\GitHub\phpProject\OSPanel\domains\MStore\components\Router.php on line 59
[31-Jul-2019 10:03:06 Europe/Moscow] PHP Warning:  call_user_func_array() expects parameter 1 to be a valid callback, class 'SiteController' does not have a method 'actionIndexcsite' in C:\Users\Admin\Documents\GitHub\phpProject\OSPanel\domains\MStore\components\Router.php on line 59
[31-Jul-2019 10:03:31 Europe/Moscow] PHP Warning:  call_user_func_array() expects parameter 1 to be a valid callback, class 'SiteController' does not have a method 'actionIndexcsite' in C:\Users\Admin\Documents\GitHub\phpProject\OSPanel\domains\MStore\components\Router.php on line 59
[31-Jul-2019 10:03:33 Europe/Moscow] PHP Warning:  call_user_func_array() expects parameter 1 to be a valid callback, class 'SiteController' does not have a method 'actionIndexcsite' in C:\Users\Admin\Documents\GitHub\phpProject\OSPanel\domains\MStore\components\Router.php on line 59
[31-Jul-2019 10:03:37 Europe/Moscow] PHP Warning:  call_user_func_array() expects parameter 1 to be a valid callback, class 'SiteController' does not have a method 'actionIndexcsite' in C:\Users\Admin\Documents\GitHub\phpProject\OSPanel\domains\MStore\components\Router.php on line 59
[31-Jul-2019 10:03:42 Europe/Moscow] PHP Warning:  call_user_func_array() expects parameter 1 to be a valid callback, class 'SiteController' does not have a method 'actionIndexcsite' in C:\Users\Admin\Documents\GitHub\phpProject\OSPanel\domains\MStore\components\Router.php on line 59
[31-Jul-2019 10:03:55 Europe/Moscow] PHP Warning:  call_user_func_array() expects parameter 1 to be a valid callback, class 'SiteController' does not have a method 'actionIndexcsite' in C:\Users\Admin\Documents\GitHub\phpProject\OSPanel\domains\MStore\components\Router.php on line 59
[31-Jul-2019 10:04:59 Europe/Moscow] PHP Warning:  call_user_func_array() expects parameter 1 to be a valid callback, class 'SiteController' does not have a method 'actionIndexcsite' in C:\Users\Admin\Documents\GitHub\phpProject\OSPanel\domains\MStore\components\Router.php on line 59
[31-Jul-2019 10:04:59 Europe/Moscow] PHP Warning:  call_user_func_array() expects parameter 1 to be a valid callback, class 'SiteController' does not have a method 'actionIndexcsite' in C:\Users\Admin\Documents\GitHub\phpProject\OSPanel\domains\MStore\components\Router.php on line 59
[31-Jul-2019 10:04:59 Europe/Moscow] PHP Warning:  call_user_func_array() expects parameter 1 to be a valid callback, class 'SiteController' does not have a method 'actionIndexcsite' in C:\Users\Admin\Documents\GitHub\phpProject\OSPanel\domains\MStore\components\Router.php on line 59
[31-Jul-2019 10:04:59 Europe/Moscow] PHP Warning:  call_user_func_array() expects parameter 1 to be a valid callback, class 'SiteController' does not have a method 'actionIndexcsite' in C:\Users\Admin\Documents\GitHub\phpProject\OSPanel\domains\MStore\components\Router.php on line 59
[31-Jul-2019 10:05:01 Europe/Moscow] PHP Warning:  call_user_func_array() expects parameter 1 to be a valid callback, class 'SiteController' does not have a method 'actionIndexcsite' in C:\Users\Admin\Documents\GitHub\phpProject\OSPanel\domains\MStore\components\Router.php on line 59
[31-Jul-2019 10:12:37 Europe/Moscow] PHP Warning:  Attempt to assign property 'name' of non-object in C:\Users\Admin\Documents\GitHub\phpProject\OSPanel\domains\test\script.php on line 13
[31-Jul-2019 10:12:37 Europe/Moscow] PHP Warning:  Attempt to assign property 'code' of non-object in C:\Users\Admin\Documents\GitHub\phpProject\OSPanel\domains\test\script.php on line 14
[31-Jul-2019 10:12:37 Europe/Moscow] PHP Warning:  Attempt to assign property 'price' of non-object in C:\Users\Admin\Documents\GitHub\phpProject\OSPanel\domains\test\script.php on line 15
[31-Jul-2019 10:12:37 Europe/Moscow] PHP Warning:  Attempt to assign property 'availability' of non-object in C:\Users\Admin\Documents\GitHub\phpProject\OSPanel\domains\test\script.php on line 16
[31-Jul-2019 10:12:37 Europe/Moscow] PHP Warning:  Attempt to assign property 'image' of non-object in C:\Users\Admin\Documents\GitHub\phpProject\OSPanel\domains\test\script.php on line 17
[31-Jul-2019 10:12:37 Europe/Moscow] PHP Warning:  Attempt to assign property 'brand' of non-object in C:\Users\Admin\Documents\GitHub\phpProject\OSPanel\domains\test\script.php on line 18
[31-Jul-2019 10:12:37 Europe/Moscow] PHP Warning:  Attempt to assign property 'description' of non-object in C:\Users\Admin\Documents\GitHub\phpProject\OSPanel\domains\test\script.php on line 19
[31-Jul-2019 10:12:37 Europe/Moscow] PHP Warning:  Attempt to modify property 'sharedCategoryList' of non-object in C:\Users\Admin\Documents\GitHub\phpProject\OSPanel\domains\test\script.php on line 24
[31-Jul-2019 10:16:27 Europe/Moscow] PHP Fatal error:  Uncaught RedBeanPHP\RedException: Identifier does not conform to RedBeanPHP security policies. in C:\Users\Admin\Documents\GitHub\phpProject\OSPanel\domains\test\db\rb.php:5880
Stack trace:
#0 C:\Users\Admin\Documents\GitHub\phpProject\OSPanel\domains\test\db\rb.php(5946): RedBeanPHP\QueryWriter\AQueryWriter->check(0)
#1 C:\Users\Admin\Documents\GitHub\phpProject\OSPanel\domains\test\db\rb.php(5540): RedBeanPHP\QueryWriter\AQueryWriter->esc(0)
#2 C:\Users\Admin\Documents\GitHub\phpProject\OSPanel\domains\test\db\rb.php(6067): RedBeanPHP\QueryWriter\AQueryWriter->makeSQLFromConditions(Array, Array, ' LIMIT 1 ')
#3 C:\Users\Admin\Documents\GitHub\phpProject\OSPanel\domains\test\db\rb.php(8742): RedBeanPHP\QueryWriter\AQueryWriter->queryRecord('categories', Array, ' LIMIT 1 ', Array)
#4 C:\Users\Admin\Documents\GitHub\phpProject\OSPanel\domains\test\db\rb.php(9906): RedBeanPHP\Repository->find('categories', Array, ' LIMIT 1 ', Array)
#5 C:\Users\Admin\Documents\GitHub\phpProject\OSPanel\domains\test\db\rb.php(10 in C:\Users\Admin\Documents\GitHub\phpProject\OSPanel\domains\test\db\rb.php on line 5880
[31-Jul-2019 10:23:49 Europe/Moscow] PHP Warning:  call_user_func_array() expects parameter 1 to be a valid callback, class 'SiteController' does not have a method 'actionIndextsite' in C:\Users\Admin\Documents\GitHub\phpProject\OSPanel\domains\MStore\components\Router.php on line 59
[31-Jul-2019 10:23:49 Europe/Moscow] PHP Warning:  call_user_func_array() expects parameter 1 to be a valid callback, class 'SiteController' does not have a method 'actionIndextsite' in C:\Users\Admin\Documents\GitHub\phpProject\OSPanel\domains\MStore\components\Router.php on line 59
[31-Jul-2019 10:25:41 Europe/Moscow] PHP Warning:  call_user_func_array() expects parameter 1 to be a valid callback, class 'SiteController' does not have a method 'actionIndextsite' in C:\Users\Admin\Documents\GitHub\phpProject\OSPanel\domains\MStore\components\Router.php on line 59
[31-Jul-2019 10:25:42 Europe/Moscow] PHP Warning:  call_user_func_array() expects parameter 1 to be a valid callback, class 'SiteController' does not have a method 'actionIndextsite' in C:\Users\Admin\Documents\GitHub\phpProject\OSPanel\domains\MStore\components\Router.php on line 59
[31-Jul-2019 10:25:56 Europe/Moscow] PHP Warning:  call_user_func_array() expects parameter 1 to be a valid callback, class 'SiteController' does not have a method 'actionIndextsite' in C:\Users\Admin\Documents\GitHub\phpProject\OSPanel\domains\MStore\components\Router.php on line 59
[31-Jul-2019 10:25:56 Europe/Moscow] PHP Warning:  call_user_func_array() expects parameter 1 to be a valid callback, class 'SiteController' does not have a method 'actionIndextsite' in C:\Users\Admin\Documents\GitHub\phpProject\OSPanel\domains\MStore\components\Router.php on line 59
[31-Jul-2019 10:26:08 Europe/Moscow] PHP Warning:  call_user_func_array() expects parameter 1 to be a valid callback, class 'SiteController' does not have a method 'actionIndextsite' in C:\Users\Admin\Documents\GitHub\phpProject\OSPanel\domains\MStore\components\Router.php on line 59
[31-Jul-2019 10:26:08 Europe/Moscow] PHP Warning:  call_user_func_array() expects parameter 1 to be a valid callback, class 'SiteController' does not have a method 'actionIndextsite' in C:\Users\Admin\Documents\GitHub\phpProject\OSPanel\domains\MStore\components\Router.php on line 59
[31-Jul-2019 10:26:35 Europe/Moscow] PHP Warning:  call_user_func_array() expects parameter 1 to be a valid callback, class 'SiteController' does not have a method 'actionIndextsite' in C:\Users\Admin\Documents\GitHub\phpProject\OSPanel\domains\MStore\components\Router.php on line 59
[31-Jul-2019 10:26:36 Europe/Moscow] PHP Warning:  call_user_func_array() expects parameter 1 to be a valid callback, class 'SiteController' does not have a method 'actionIndextsite' in C:\Users\Admin\Documents\GitHub\phpProject\OSPanel\domains\MStore\components\Router.php on line 59
[31-Jul-2019 10:27:02 Europe/Moscow] PHP Warning:  call_user_func_array() expects parameter 1 to be a valid callback, class 'SiteController' does not have a method 'actionIndextsite' in C:\Users\Admin\Documents\GitHub\phpProject\OSPanel\domains\MStore\components\Router.php on line 59
[31-Jul-2019 10:27:02 Europe/Moscow] PHP Warning:  call_user_func_array() expects parameter 1 to be a valid callback, class 'SiteController' does not have a method 'actionIndextsite' in C:\Users\Admin\Documents\GitHub\phpProject\OSPanel\domains\MStore\components\Router.php on line 59
[31-Jul-2019 10:27:28 Europe/Moscow] PHP Warning:  call_user_func_array() expects parameter 1 to be a valid callback, class 'SiteController' does not have a method 'actionIndextsite' in C:\Users\Admin\Documents\GitHub\phpProject\OSPanel\domains\MStore\components\Router.php on line 59
[31-Jul-2019 10:27:28 Europe/Moscow] PHP Warning:  call_user_func_array() expects parameter 1 to be a valid callback, class 'SiteController' does not have a method 'actionIndextsite' in C:\Users\Admin\Documents\GitHub\phpProject\OSPanel\domains\MStore\components\Router.php on line 59
[31-Jul-2019 10:27:45 Europe/Moscow] PHP Warning:  call_user_func_array() expects parameter 1 to be a valid callback, class 'SiteController' does not have a method 'actionIndextsite' in C:\Users\Admin\Documents\GitHub\phpProject\OSPanel\domains\MStore\components\Router.php on line 59
[31-Jul-2019 10:27:45 Europe/Moscow] PHP Warning:  call_user_func_array() expects parameter 1 to be a valid callback, class 'SiteController' does not have a method 'actionIndextsite' in C:\Users\Admin\Documents\GitHub\phpProject\OSPanel\domains\MStore\components\Router.php on line 59
[31-Jul-2019 10:28:23 Europe/Moscow] PHP Warning:  call_user_func_array() expects parameter 1 to be a valid callback, class 'SiteController' does not have a method 'actionIndextsite' in C:\Users\Admin\Documents\GitHub\phpProject\OSPanel\domains\MStore\components\Router.php on line 59
[31-Jul-2019 10:28:24 Europe/Moscow] PHP Warning:  call_user_func_array() expects parameter 1 to be a valid callback, class 'SiteController' does not have a method 'actionIndextsite' in C:\Users\Admin\Documents\GitHub\phpProject\OSPanel\domains\MStore\components\Router.php on line 59
[31-Jul-2019 10:28:25 Europe/Moscow] PHP Warning:  call_user_func_array() expects parameter 1 to be a valid callback, class 'SiteController' does not have a method 'actionIndextsite' in C:\Users\Admin\Documents\GitHub\phpProject\OSPanel\domains\MStore\components\Router.php on line 59
[31-Jul-2019 10:28:25 Europe/Moscow] PHP Warning:  call_user_func_array() expects parameter 1 to be a valid callback, class 'SiteController' does not have a method 'actionIndextsite' in C:\Users\Admin\Documents\GitHub\phpProject\OSPanel\domains\MStore\components\Router.php on line 59
[31-Jul-2019 10:28:26 Europe/Moscow] PHP Warning:  call_user_func_array() expects parameter 1 to be a valid callback, class 'SiteController' does not have a method 'actionIndextsite' in C:\Users\Admin\Documents\GitHub\phpProject\OSPanel\domains\MStore\components\Router.php on line 59
[31-Jul-2019 10:28:26 Europe/Moscow] PHP Warning:  call_user_func_array() expects parameter 1 to be a valid callback, class 'SiteController' does not have a method 'actionIndextsite' in C:\Users\Admin\Documents\GitHub\phpProject\OSPanel\domains\MStore\components\Router.php on line 59
[31-Jul-2019 10:28:27 Europe/Moscow] PHP Warning:  call_user_func_array() expects parameter 1 to be a valid callback, class 'SiteController' does not have a method 'actionIndextsite' in C:\Users\Admin\Documents\GitHub\phpProject\OSPanel\domains\MStore\components\Router.php on line 59
[31-Jul-2019 10:28:27 Europe/Moscow] PHP Warning:  call_user_func_array() expects parameter 1 to be a valid callback, class 'SiteController' does not have a method 'actionIndextsite' in C:\Users\Admin\Documents\GitHub\phpProject\OSPanel\domains\MStore\components\Router.php on line 59
[31-Jul-2019 10:28:28 Europe/Moscow] PHP Warning:  call_user_func_array() expects parameter 1 to be a valid callback, class 'SiteController' does not have a method 'actionIndextsite' in C:\Users\Admin\Documents\GitHub\phpProject\OSPanel\domains\MStore\components\Router.php on line 59
[31-Jul-2019 10:28:28 Europe/Moscow] PHP Warning:  call_user_func_array() expects parameter 1 to be a valid callback, class 'SiteController' does not have a method 'actionIndextsite' in C:\Users\Admin\Documents\GitHub\phpProject\OSPanel\domains\MStore\components\Router.php on line 59
[31-Jul-2019 10:28:29 Europe/Moscow] PHP Warning:  call_user_func_array() expects parameter 1 to be a valid callback, class 'SiteController' does not have a method 'actionIndextsite' in C:\Users\Admin\Documents\GitHub\phpProject\OSPanel\domains\MStore\components\Router.php on line 59
[31-Jul-2019 10:28:30 Europe/Moscow] PHP Warning:  call_user_func_array() expects parameter 1 to be a valid callback, class 'SiteController' does not have a method 'actionIndextsite' in C:\Users\Admin\Documents\GitHub\phpProject\OSPanel\domains\MStore\components\Router.php on line 59
[31-Jul-2019 10:28:31 Europe/Moscow] PHP Warning:  call_user_func_array() expects parameter 1 to be a valid callback, class 'SiteController' does not have a method 'actionIndextsite' in C:\Users\Admin\Documents\GitHub\phpProject\OSPanel\domains\MStore\components\Router.php on line 59
[31-Jul-2019 10:28:31 Europe/Moscow] PHP Warning:  call_user_func_array() expects parameter 1 to be a valid callback, class 'SiteController' does not have a method 'actionIndextsite' in C:\Users\Admin\Documents\GitHub\phpProject\OSPanel\domains\MStore\components\Router.php on line 59
[31-Jul-2019 10:28:32 Europe/Moscow] PHP Warning:  call_user_func_array() expects parameter 1 to be a valid callback, class 'SiteController' does not have a method 'actionIndextsite' in C:\Users\Admin\Documents\GitHub\phpProject\OSPanel\domains\MStore\components\Router.php on line 59
[31-Jul-2019 10:28:32 Europe/Moscow] PHP Warning:  call_user_func_array() expects parameter 1 to be a valid callback, class 'SiteController' does not have a method 'actionIndextsite' in C:\Users\Admin\Documents\GitHub\phpProject\OSPanel\domains\MStore\components\Router.php on line 59
[31-Jul-2019 10:28:54 Europe/Moscow] PHP Warning:  call_user_func_array() expects parameter 1 to be a valid callback, class 'SiteController' does not have a method 'actionIndextsite' in C:\Users\Admin\Documents\GitHub\phpProject\OSPanel\domains\MStore\components\Router.php on line 59
[31-Jul-2019 10:28:55 Europe/Moscow] PHP Warning:  call_user_func_array() expects parameter 1 to be a valid callback, class 'SiteController' does not have a method 'actionIndextsite' in C:\Users\Admin\Documents\GitHub\phpProject\OSPanel\domains\MStore\components\Router.php on line 59
[31-Jul-2019 10:31:09 Europe/Moscow] PHP Notice:  Undefined variable: categoryId in C:\Users\Admin\Documents\GitHub\phpProject\OSPanel\domains\MStore\views\layouts\header.php on line 33
[31-Jul-2019 10:31:09 Europe/Moscow] PHP Notice:  Undefined variable: categoryId in C:\Users\Admin\Documents\GitHub\phpProject\OSPanel\domains\MStore\views\layouts\header.php on line 33
[31-Jul-2019 10:31:09 Europe/Moscow] PHP Notice:  Undefined variable: categoryId in C:\Users\Admin\Documents\GitHub\phpProject\OSPanel\domains\MStore\views\layouts\header.php on line 33
[31-Jul-2019 10:31:09 Europe/Moscow] PHP Notice:  Undefined variable: categoryId in C:\Users\Admin\Documents\GitHub\phpProject\OSPanel\domains\MStore\views\layouts\header.php on line 33
[31-Jul-2019 10:31:09 Europe/Moscow] PHP Warning:  call_user_func_array() expects parameter 1 to be a valid callback, class 'SiteController' does not have a method 'actionIndextsite' in C:\Users\Admin\Documents\GitHub\phpProject\OSPanel\domains\MStore\components\Router.php on line 59
[31-Jul-2019 10:31:09 Europe/Moscow] PHP Warning:  call_user_func_array() expects parameter 1 to be a valid callback, class 'SiteController' does not have a method 'actionIndextsite' in C:\Users\Admin\Documents\GitHub\phpProject\OSPanel\domains\MStore\components\Router.php on line 59
[31-Jul-2019 10:31:10 Europe/Moscow] PHP Warning:  call_user_func_array() expects parameter 1 to be a valid callback, class 'SiteController' does not have a method 'actionIndextsite' in C:\Users\Admin\Documents\GitHub\phpProject\OSPanel\domains\MStore\components\Router.php on line 59
[31-Jul-2019 10:31:11 Europe/Moscow] PHP Warning:  call_user_func_array() expects parameter 1 to be a valid callback, class 'SiteController' does not have a method 'actionIndextsite' in C:\Users\Admin\Documents\GitHub\phpProject\OSPanel\domains\MStore\components\Router.php on line 59
[31-Jul-2019 10:31:16 Europe/Moscow] PHP Notice:  Undefined variable: categoryId in C:\Users\Admin\Documents\GitHub\phpProject\OSPanel\domains\MStore\views\layouts\header.php on line 33
[31-Jul-2019 10:31:16 Europe/Moscow] PHP Notice:  Undefined variable: categoryId in C:\Users\Admin\Documents\GitHub\phpProject\OSPanel\domains\MStore\views\layouts\header.php on line 33
[31-Jul-2019 10:31:16 Europe/Moscow] PHP Notice:  Undefined variable: categoryId in C:\Users\Admin\Documents\GitHub\phpProject\OSPanel\domains\MStore\views\layouts\header.php on line 33
[31-Jul-2019 10:31:16 Europe/Moscow] PHP Notice:  Undefined variable: categoryId in C:\Users\Admin\Documents\GitHub\phpProject\OSPanel\domains\MStore\views\layouts\header.php on line 33
[31-Jul-2019 10:31:32 Europe/Moscow] PHP Notice:  Undefined variable: categoryId in C:\Users\Admin\Documents\GitHub\phpProject\OSPanel\domains\MStore\views\layouts\header.php on line 33
[31-Jul-2019 10:31:32 Europe/Moscow] PHP Notice:  Undefined variable: categoryId in C:\Users\Admin\Documents\GitHub\phpProject\OSPanel\domains\MStore\views\layouts\header.php on line 33
[31-Jul-2019 10:31:32 Europe/Moscow] PHP Notice:  Undefined variable: categoryId in C:\Users\Admin\Documents\GitHub\phpProject\OSPanel\domains\MStore\views\layouts\header.php on line 33
[31-Jul-2019 10:31:32 Europe/Moscow] PHP Notice:  Undefined variable: categoryId in C:\Users\Admin\Documents\GitHub\phpProject\OSPanel\domains\MStore\views\layouts\header.php on line 33
[31-Jul-2019 10:34:18 Europe/Moscow] PHP Notice:  Undefined variable: activeCategory in C:\Users\Admin\Documents\GitHub\phpProject\OSPanel\domains\MStore\views\layouts\header.php on line 37
[31-Jul-2019 10:34:18 Europe/Moscow] PHP Notice:  Undefined variable: activeCategory in C:\Users\Admin\Documents\GitHub\phpProject\OSPanel\domains\MStore\views\layouts\header.php on line 41
[31-Jul-2019 10:37:22 Europe/Moscow] PHP Warning:  call_user_func_array() expects parameter 1 to be a valid callback, class 'SiteController' does not have a method 'actionIndextsite' in C:\Users\Admin\Documents\GitHub\phpProject\OSPanel\domains\MStore\components\Router.php on line 59
[31-Jul-2019 10:37:22 Europe/Moscow] PHP Warning:  call_user_func_array() expects parameter 1 to be a valid callback, class 'SiteController' does not have a method 'actionIndextsite' in C:\Users\Admin\Documents\GitHub\phpProject\OSPanel\domains\MStore\components\Router.php on line 59
[31-Jul-2019 10:38:47 Europe/Moscow] PHP Warning:  call_user_func_array() expects parameter 1 to be a valid callback, class 'SiteController' does not have a method 'actionIndextsite' in C:\Users\Admin\Documents\GitHub\phpProject\OSPanel\domains\MStore\components\Router.php on line 59
[31-Jul-2019 10:38:47 Europe/Moscow] PHP Warning:  call_user_func_array() expects parameter 1 to be a valid callback, class 'SiteController' does not have a method 'actionIndextsite' in C:\Users\Admin\Documents\GitHub\phpProject\OSPanel\domains\MStore\components\Router.php on line 59
[31-Jul-2019 10:38:53 Europe/Moscow] PHP Warning:  call_user_func_array() expects parameter 1 to be a valid callback, class 'SiteController' does not have a method 'actionIndextsite' in C:\Users\Admin\Documents\GitHub\phpProject\OSPanel\domains\MStore\components\Router.php on line 59
[31-Jul-2019 10:38:53 Europe/Moscow] PHP Warning:  call_user_func_array() expects parameter 1 to be a valid callback, class 'SiteController' does not have a method 'actionIndextsite' in C:\Users\Admin\Documents\GitHub\phpProject\OSPanel\domains\MStore\components\Router.php on line 59
[31-Jul-2019 10:39:49 Europe/Moscow] PHP Warning:  call_user_func_array() expects parameter 1 to be a valid callback, class 'SiteController' does not have a method 'actionIndextsite' in C:\Users\Admin\Documents\GitHub\phpProject\OSPanel\domains\MStore\components\Router.php on line 59
[31-Jul-2019 10:39:49 Europe/Moscow] PHP Warning:  call_user_func_array() expects parameter 1 to be a valid callback, class 'SiteController' does not have a method 'actionIndextsite' in C:\Users\Admin\Documents\GitHub\phpProject\OSPanel\domains\MStore\components\Router.php on line 59
[31-Jul-2019 10:40:04 Europe/Moscow] PHP Warning:  call_user_func_array() expects parameter 1 to be a valid callback, class 'SiteController' does not have a method 'actionIndextsite' in C:\Users\Admin\Documents\GitHub\phpProject\OSPanel\domains\MStore\components\Router.php on line 59
[31-Jul-2019 10:40:04 Europe/Moscow] PHP Warning:  call_user_func_array() expects parameter 1 to be a valid callback, class 'SiteController' does not have a method 'actionIndextsite' in C:\Users\Admin\Documents\GitHub\phpProject\OSPanel\domains\MStore\components\Router.php on line 59
[31-Jul-2019 10:40:26 Europe/Moscow] PHP Warning:  call_user_func_array() expects parameter 1 to be a valid callback, class 'SiteController' does not have a method 'actionIndextsite' in C:\Users\Admin\Documents\GitHub\phpProject\OSPanel\domains\MStore\components\Router.php on line 59
[31-Jul-2019 10:40:26 Europe/Moscow] PHP Warning:  call_user_func_array() expects parameter 1 to be a valid callback, class 'SiteController' does not have a method 'actionIndextsite' in C:\Users\Admin\Documents\GitHub\phpProject\OSPanel\domains\MStore\components\Router.php on line 59
[31-Jul-2019 10:40:38 Europe/Moscow] PHP Warning:  call_user_func_array() expects parameter 1 to be a valid callback, class 'SiteController' does not have a method 'actionIndextsite' in C:\Users\Admin\Documents\GitHub\phpProject\OSPanel\domains\MStore\components\Router.php on line 59
[31-Jul-2019 10:40:38 Europe/Moscow] PHP Warning:  call_user_func_array() expects parameter 1 to be a valid callback, class 'SiteController' does not have a method 'actionIndextsite' in C:\Users\Admin\Documents\GitHub\phpProject\OSPanel\domains\MStore\components\Router.php on line 59
[31-Jul-2019 10:41:33 Europe/Moscow] PHP Warning:  call_user_func_array() expects parameter 1 to be a valid callback, class 'SiteController' does not have a method 'actionIndextsite' in C:\Users\Admin\Documents\GitHub\phpProject\OSPanel\domains\MStore\components\Router.php on line 59
[31-Jul-2019 10:41:33 Europe/Moscow] PHP Warning:  call_user_func_array() expects parameter 1 to be a valid callback, class 'SiteController' does not have a method 'actionIndextsite' in C:\Users\Admin\Documents\GitHub\phpProject\OSPanel\domains\MStore\components\Router.php on line 59
[31-Jul-2019 10:41:41 Europe/Moscow] PHP Warning:  call_user_func_array() expects parameter 1 to be a valid callback, class 'SiteController' does not have a method 'actionIndextsite' in C:\Users\Admin\Documents\GitHub\phpProject\OSPanel\domains\MStore\components\Router.php on line 59
[31-Jul-2019 10:41:42 Europe/Moscow] PHP Warning:  call_user_func_array() expects parameter 1 to be a valid callback, class 'SiteController' does not have a method 'actionIndextsite' in C:\Users\Admin\Documents\GitHub\phpProject\OSPanel\domains\MStore\components\Router.php on line 59
[31-Jul-2019 10:41:57 Europe/Moscow] PHP Warning:  call_user_func_array() expects parameter 1 to be a valid callback, class 'SiteController' does not have a method 'actionIndextsite' in C:\Users\Admin\Documents\GitHub\phpProject\OSPanel\domains\MStore\components\Router.php on line 59
[31-Jul-2019 10:41:57 Europe/Moscow] PHP Warning:  call_user_func_array() expects parameter 1 to be a valid callback, class 'SiteController' does not have a method 'actionIndextsite' in C:\Users\Admin\Documents\GitHub\phpProject\OSPanel\domains\MStore\components\Router.php on line 59
[31-Jul-2019 10:42:01 Europe/Moscow] PHP Warning:  call_user_func_array() expects parameter 1 to be a valid callback, class 'SiteController' does not have a method 'actionIndextsite' in C:\Users\Admin\Documents\GitHub\phpProject\OSPanel\domains\MStore\components\Router.php on line 59
[31-Jul-2019 10:42:01 Europe/Moscow] PHP Warning:  call_user_func_array() expects parameter 1 to be a valid callback, class 'SiteController' does not have a method 'actionIndextsite' in C:\Users\Admin\Documents\GitHub\phpProject\OSPanel\domains\MStore\components\Router.php on line 59
[31-Jul-2019 10:42:22 Europe/Moscow] PHP Warning:  call_user_func_array() expects parameter 1 to be a valid callback, class 'SiteController' does not have a method 'actionIndextsite' in C:\Users\Admin\Documents\GitHub\phpProject\OSPanel\domains\MStore\components\Router.php on line 59
[31-Jul-2019 10:42:22 Europe/Moscow] PHP Warning:  call_user_func_array() expects parameter 1 to be a valid callback, class 'SiteController' does not have a method 'actionIndextsite' in C:\Users\Admin\Documents\GitHub\phpProject\OSPanel\domains\MStore\components\Router.php on line 59
[31-Jul-2019 10:42:29 Europe/Moscow] PHP Warning:  call_user_func_array() expects parameter 1 to be a valid callback, class 'SiteController' does not have a method 'actionIndextsite' in C:\Users\Admin\Documents\GitHub\phpProject\OSPanel\domains\MStore\components\Router.php on line 59
[31-Jul-2019 10:42:30 Europe/Moscow] PHP Warning:  call_user_func_array() expects parameter 1 to be a valid callback, class 'SiteController' does not have a method 'actionIndextsite' in C:\Users\Admin\Documents\GitHub\phpProject\OSPanel\domains\MStore\components\Router.php on line 59
[31-Jul-2019 10:42:31 Europe/Moscow] PHP Warning:  call_user_func_array() expects parameter 1 to be a valid callback, class 'SiteController' does not have a method 'actionIndextsite' in C:\Users\Admin\Documents\GitHub\phpProject\OSPanel\domains\MStore\components\Router.php on line 59
[31-Jul-2019 10:42:31 Europe/Moscow] PHP Warning:  call_user_func_array() expects parameter 1 to be a valid callback, class 'SiteController' does not have a method 'actionIndextsite' in C:\Users\Admin\Documents\GitHub\phpProject\OSPanel\domains\MStore\components\Router.php on line 59
[31-Jul-2019 10:42:34 Europe/Moscow] PHP Warning:  call_user_func_array() expects parameter 1 to be a valid callback, class 'SiteController' does not have a method 'actionIndextsite' in C:\Users\Admin\Documents\GitHub\phpProject\OSPanel\domains\MStore\components\Router.php on line 59
[31-Jul-2019 10:42:34 Europe/Moscow] PHP Warning:  call_user_func_array() expects parameter 1 to be a valid callback, class 'SiteController' does not have a method 'actionIndextsite' in C:\Users\Admin\Documents\GitHub\phpProject\OSPanel\domains\MStore\components\Router.php on line 59
[31-Jul-2019 10:42:38 Europe/Moscow] PHP Warning:  call_user_func_array() expects parameter 1 to be a valid callback, class 'SiteController' does not have a method 'actionIndextsite' in C:\Users\Admin\Documents\GitHub\phpProject\OSPanel\domains\MStore\components\Router.php on line 59
[31-Jul-2019 10:42:39 Europe/Moscow] PHP Warning:  call_user_func_array() expects parameter 1 to be a valid callback, class 'SiteController' does not have a method 'actionIndextsite' in C:\Users\Admin\Documents\GitHub\phpProject\OSPanel\domains\MStore\components\Router.php on line 59
[31-Jul-2019 10:43:02 Europe/Moscow] PHP Warning:  call_user_func_array() expects parameter 1 to be a valid callback, class 'SiteController' does not have a method 'actionIndextsite' in C:\Users\Admin\Documents\GitHub\phpProject\OSPanel\domains\MStore\components\Router.php on line 59
[31-Jul-2019 10:43:02 Europe/Moscow] PHP Warning:  call_user_func_array() expects parameter 1 to be a valid callback, class 'SiteController' does not have a method 'actionIndextsite' in C:\Users\Admin\Documents\GitHub\phpProject\OSPanel\domains\MStore\components\Router.php on line 59
[31-Jul-2019 10:43:20 Europe/Moscow] PHP Warning:  call_user_func_array() expects parameter 1 to be a valid callback, class 'SiteController' does not have a method 'actionIndextsite' in C:\Users\Admin\Documents\GitHub\phpProject\OSPanel\domains\MStore\components\Router.php on line 59
[31-Jul-2019 10:43:20 Europe/Moscow] PHP Warning:  call_user_func_array() expects parameter 1 to be a valid callback, class 'SiteController' does not have a method 'actionIndextsite' in C:\Users\Admin\Documents\GitHub\phpProject\OSPanel\domains\MStore\components\Router.php on line 59
[31-Jul-2019 10:43:33 Europe/Moscow] PHP Warning:  call_user_func_array() expects parameter 1 to be a valid callback, class 'SiteController' does not have a method 'actionIndextsite' in C:\Users\Admin\Documents\GitHub\phpProject\OSPanel\domains\MStore\components\Router.php on line 59
[31-Jul-2019 10:43:33 Europe/Moscow] PHP Warning:  call_user_func_array() expects parameter 1 to be a valid callback, class 'SiteController' does not have a method 'actionIndextsite' in C:\Users\Admin\Documents\GitHub\phpProject\OSPanel\domains\MStore\components\Router.php on line 59
[31-Jul-2019 10:44:04 Europe/Moscow] PHP Notice:  Undefined variable: categoryId in C:\Users\Admin\Documents\GitHub\phpProject\OSPanel\domains\MStore\views\layouts\header.php on line 33
[31-Jul-2019 10:44:04 Europe/Moscow] PHP Notice:  Undefined variable: categoryId in C:\Users\Admin\Documents\GitHub\phpProject\OSPanel\domains\MStore\views\layouts\header.php on line 33
[31-Jul-2019 10:44:04 Europe/Moscow] PHP Notice:  Undefined variable: categoryId in C:\Users\Admin\Documents\GitHub\phpProject\OSPanel\domains\MStore\views\layouts\header.php on line 33
[31-Jul-2019 10:44:04 Europe/Moscow] PHP Notice:  Undefined variable: categoryId in C:\Users\Admin\Documents\GitHub\phpProject\OSPanel\domains\MStore\views\layouts\header.php on line 33
[31-Jul-2019 10:45:56 Europe/Moscow] PHP Notice:  Undefined variable: categoryId in C:\Users\Admin\Documents\GitHub\phpProject\OSPanel\domains\MStore\views\layouts\header.php on line 35
[31-Jul-2019 10:45:56 Europe/Moscow] PHP Notice:  Undefined variable: categoryId in C:\Users\Admin\Documents\GitHub\phpProject\OSPanel\domains\MStore\views\layouts\header.php on line 35
[31-Jul-2019 10:45:56 Europe/Moscow] PHP Notice:  Undefined variable: categoryId in C:\Users\Admin\Documents\GitHub\phpProject\OSPanel\domains\MStore\views\layouts\header.php on line 35
[31-Jul-2019 10:45:56 Europe/Moscow] PHP Notice:  Undefined variable: categoryId in C:\Users\Admin\Documents\GitHub\phpProject\OSPanel\domains\MStore\views\layouts\header.php on line 35
[31-Jul-2019 10:45:58 Europe/Moscow] PHP Notice:  Undefined variable: categoryId in C:\Users\Admin\Documents\GitHub\phpProject\OSPanel\domains\MStore\views\layouts\header.php on line 35
[31-Jul-2019 10:45:58 Europe/Moscow] PHP Notice:  Undefined variable: categoryId in C:\Users\Admin\Documents\GitHub\phpProject\OSPanel\domains\MStore\views\layouts\header.php on line 35
[31-Jul-2019 10:45:58 Europe/Moscow] PHP Notice:  Undefined variable: categoryId in C:\Users\Admin\Documents\GitHub\phpProject\OSPanel\domains\MStore\views\layouts\header.php on line 35
[31-Jul-2019 10:45:58 Europe/Moscow] PHP Notice:  Undefined variable: categoryId in C:\Users\Admin\Documents\GitHub\phpProject\OSPanel\domains\MStore\views\layouts\header.php on line 35
[31-Jul-2019 10:47:07 Europe/Moscow] PHP Fatal error:  Uncaught ArgumentCountError: Too few arguments to function CatalogController::actionIndex(), 0 passed in C:\Users\Admin\Documents\GitHub\phpProject\OSPanel\domains\MStore\components\Router.php on line 59 and exactly 1 expected in C:\Users\Admin\Documents\GitHub\phpProject\OSPanel\domains\MStore\controllers\CatalogController.php:9
Stack trace:
#0 C:\Users\Admin\Documents\GitHub\phpProject\OSPanel\domains\MStore\components\Router.php(59): CatalogController->actionIndex()
#1 C:\Users\Admin\Documents\GitHub\phpProject\OSPanel\domains\MStore\index.php(20): Router->run()
#2 {main}
  thrown in C:\Users\Admin\Documents\GitHub\phpProject\OSPanel\domains\MStore\controllers\CatalogController.php on line 9
[31-Jul-2019 10:47:15 Europe/Moscow] PHP Notice:  Undefined variable: categoryId in C:\Users\Admin\Documents\GitHub\phpProject\OSPanel\domains\MStore\views\layouts\header.php on line 35
[31-Jul-2019 10:47:15 Europe/Moscow] PHP Notice:  Undefined variable: categoryId in C:\Users\Admin\Documents\GitHub\phpProject\OSPanel\domains\MStore\views\layouts\header.php on line 35
[31-Jul-2019 10:47:15 Europe/Moscow] PHP Notice:  Undefined variable: categoryId in C:\Users\Admin\Documents\GitHub\phpProject\OSPanel\domains\MStore\views\layouts\header.php on line 35
[31-Jul-2019 10:47:15 Europe/Moscow] PHP Notice:  Undefined variable: categoryId in C:\Users\Admin\Documents\GitHub\phpProject\OSPanel\domains\MStore\views\layouts\header.php on line 35
[31-Jul-2019 10:53:59 Europe/Moscow] PHP Warning:  call_user_func_array() expects parameter 1 to be a valid callback, class 'SiteController' does not have a method 'actionIndextsite' in C:\Users\Admin\Documents\GitHub\phpProject\OSPanel\domains\MStore\components\Router.php on line 59
[31-Jul-2019 10:53:59 Europe/Moscow] PHP Warning:  call_user_func_array() expects parameter 1 to be a valid callback, class 'SiteController' does not have a method 'actionIndextsite' in C:\Users\Admin\Documents\GitHub\phpProject\OSPanel\domains\MStore\components\Router.php on line 59
[31-Jul-2019 10:54:37 Europe/Moscow] PHP Warning:  call_user_func_array() expects parameter 1 to be a valid callback, class 'SiteController' does not have a method 'actionIndextsite' in C:\Users\Admin\Documents\GitHub\phpProject\OSPanel\domains\MStore\components\Router.php on line 59
[31-Jul-2019 10:54:37 Europe/Moscow] PHP Warning:  call_user_func_array() expects parameter 1 to be a valid callback, class 'SiteController' does not have a method 'actionIndextsite' in C:\Users\Admin\Documents\GitHub\phpProject\OSPanel\domains\MStore\components\Router.php on line 59
[31-Jul-2019 10:55:12 Europe/Moscow] PHP Warning:  call_user_func_array() expects parameter 1 to be a valid callback, class 'SiteController' does not have a method 'actionIndextsite' in C:\Users\Admin\Documents\GitHub\phpProject\OSPanel\domains\MStore\components\Router.php on line 59
[31-Jul-2019 10:55:12 Europe/Moscow] PHP Warning:  call_user_func_array() expects parameter 1 to be a valid callback, class 'SiteController' does not have a method 'actionIndextsite' in C:\Users\Admin\Documents\GitHub\phpProject\OSPanel\domains\MStore\components\Router.php on line 59
[31-Jul-2019 10:55:52 Europe/Moscow] PHP Warning:  call_user_func_array() expects parameter 1 to be a valid callback, class 'SiteController' does not have a method 'actionIndextsite' in C:\Users\Admin\Documents\GitHub\phpProject\OSPanel\domains\MStore\components\Router.php on line 59
[31-Jul-2019 10:55:53 Europe/Moscow] PHP Warning:  call_user_func_array() expects parameter 1 to be a valid callback, class 'SiteController' does not have a method 'actionIndextsite' in C:\Users\Admin\Documents\GitHub\phpProject\OSPanel\domains\MStore\components\Router.php on line 59
[31-Jul-2019 10:55:57 Europe/Moscow] PHP Warning:  call_user_func_array() expects parameter 1 to be a valid callback, class 'SiteController' does not have a method 'actionIndextsite' in C:\Users\Admin\Documents\GitHub\phpProject\OSPanel\domains\MStore\components\Router.php on line 59
[31-Jul-2019 10:55:57 Europe/Moscow] PHP Warning:  call_user_func_array() expects parameter 1 to be a valid callback, class 'SiteController' does not have a method 'actionIndextsite' in C:\Users\Admin\Documents\GitHub\phpProject\OSPanel\domains\MStore\components\Router.php on line 59
[31-Jul-2019 10:56:06 Europe/Moscow] PHP Warning:  call_user_func_array() expects parameter 1 to be a valid callback, class 'SiteController' does not have a method 'actionIndextsite' in C:\Users\Admin\Documents\GitHub\phpProject\OSPanel\domains\MStore\components\Router.php on line 59
[31-Jul-2019 10:56:07 Europe/Moscow] PHP Warning:  call_user_func_array() expects parameter 1 to be a valid callback, class 'SiteController' does not have a method 'actionIndextsite' in C:\Users\Admin\Documents\GitHub\phpProject\OSPanel\domains\MStore\components\Router.php on line 59
[31-Jul-2019 11:00:28 Europe/Moscow] PHP Warning:  call_user_func_array() expects parameter 1 to be a valid callback, class 'SiteController' does not have a method 'actionIndextsite' in C:\Users\Admin\Documents\GitHub\phpProject\OSPanel\domains\MStore\components\Router.php on line 59
[31-Jul-2019 11:00:28 Europe/Moscow] PHP Warning:  call_user_func_array() expects parameter 1 to be a valid callback, class 'SiteController' does not have a method 'actionIndextsite' in C:\Users\Admin\Documents\GitHub\phpProject\OSPanel\domains\MStore\components\Router.php on line 59
[31-Jul-2019 11:00:45 Europe/Moscow] PHP Warning:  call_user_func_array() expects parameter 1 to be a valid callback, class 'SiteController' does not have a method 'actionIndextsite' in C:\Users\Admin\Documents\GitHub\phpProject\OSPanel\domains\MStore\components\Router.php on line 59
[31-Jul-2019 11:00:45 Europe/Moscow] PHP Warning:  call_user_func_array() expects parameter 1 to be a valid callback, class 'SiteController' does not have a method 'actionIndextsite' in C:\Users\Admin\Documents\GitHub\phpProject\OSPanel\domains\MStore\components\Router.php on line 59
[31-Jul-2019 11:00:51 Europe/Moscow] PHP Warning:  call_user_func_array() expects parameter 1 to be a valid callback, class 'SiteController' does not have a method 'actionIndextsite' in C:\Users\Admin\Documents\GitHub\phpProject\OSPanel\domains\MStore\components\Router.php on line 59
[31-Jul-2019 11:00:51 Europe/Moscow] PHP Warning:  call_user_func_array() expects parameter 1 to be a valid callback, class 'SiteController' does not have a method 'actionIndextsite' in C:\Users\Admin\Documents\GitHub\phpProject\OSPanel\domains\MStore\components\Router.php on line 59
[31-Jul-2019 11:01:16 Europe/Moscow] PHP Warning:  call_user_func_array() expects parameter 1 to be a valid callback, class 'SiteController' does not have a method 'actionIndextsite' in C:\Users\Admin\Documents\GitHub\phpProject\OSPanel\domains\MStore\components\Router.php on line 59
[31-Jul-2019 11:01:16 Europe/Moscow] PHP Warning:  call_user_func_array() expects parameter 1 to be a valid callback, class 'SiteController' does not have a method 'actionIndextsite' in C:\Users\Admin\Documents\GitHub\phpProject\OSPanel\domains\MStore\components\Router.php on line 59
[31-Jul-2019 11:07:49 Europe/Moscow] PHP Warning:  call_user_func_array() expects parameter 1 to be a valid callback, class 'SiteController' does not have a method 'actionIndexcsite' in C:\Users\Admin\Documents\GitHub\phpProject\OSPanel\domains\MStore\components\Router.php on line 59
[31-Jul-2019 11:07:54 Europe/Moscow] PHP Warning:  call_user_func_array() expects parameter 1 to be a valid callback, class 'SiteController' does not have a method 'actionIndexcsite' in C:\Users\Admin\Documents\GitHub\phpProject\OSPanel\domains\MStore\components\Router.php on line 59
[31-Jul-2019 11:17:02 Europe/Moscow] PHP Warning:  call_user_func_array() expects parameter 1 to be a valid callback, class 'SiteController' does not have a method 'actionIndextsite' in C:\Users\Admin\Documents\GitHub\phpProject\OSPanel\domains\MStore\components\Router.php on line 59
[31-Jul-2019 11:17:02 Europe/Moscow] PHP Warning:  call_user_func_array() expects parameter 1 to be a valid callback, class 'SiteController' does not have a method 'actionIndextsite' in C:\Users\Admin\Documents\GitHub\phpProject\OSPanel\domains\MStore\components\Router.php on line 59
[31-Jul-2019 11:17:11 Europe/Moscow] PHP Warning:  call_user_func_array() expects parameter 1 to be a valid callback, class 'SiteController' does not have a method 'actionIndextsite' in C:\Users\Admin\Documents\GitHub\phpProject\OSPanel\domains\MStore\components\Router.php on line 59
[31-Jul-2019 11:17:11 Europe/Moscow] PHP Warning:  call_user_func_array() expects parameter 1 to be a valid callback, class 'SiteController' does not have a method 'actionIndextsite' in C:\Users\Admin\Documents\GitHub\phpProject\OSPanel\domains\MStore\components\Router.php on line 59
[31-Jul-2019 11:17:48 Europe/Moscow] PHP Warning:  call_user_func_array() expects parameter 1 to be a valid callback, class 'SiteController' does not have a method 'actionIndextsite' in C:\Users\Admin\Documents\GitHub\phpProject\OSPanel\domains\MStore\components\Router.php on line 59
[31-Jul-2019 11:17:48 Europe/Moscow] PHP Warning:  call_user_func_array() expects parameter 1 to be a valid callback, class 'SiteController' does not have a method 'actionIndextsite' in C:\Users\Admin\Documents\GitHub\phpProject\OSPanel\domains\MStore\components\Router.php on line 59
[31-Jul-2019 11:18:15 Europe/Moscow] PHP Warning:  call_user_func_array() expects parameter 1 to be a valid callback, class 'SiteController' does not have a method 'actionIndextsite' in C:\Users\Admin\Documents\GitHub\phpProject\OSPanel\domains\MStore\components\Router.php on line 59
[31-Jul-2019 11:18:16 Europe/Moscow] PHP Warning:  call_user_func_array() expects parameter 1 to be a valid callback, class 'SiteController' does not have a method 'actionIndextsite' in C:\Users\Admin\Documents\GitHub\phpProject\OSPanel\domains\MStore\components\Router.php on line 59
[31-Jul-2019 11:18:20 Europe/Moscow] PHP Warning:  call_user_func_array() expects parameter 1 to be a valid callback, class 'SiteController' does not have a method 'actionIndextsite' in C:\Users\Admin\Documents\GitHub\phpProject\OSPanel\domains\MStore\components\Router.php on line 59
[31-Jul-2019 11:18:20 Europe/Moscow] PHP Warning:  call_user_func_array() expects parameter 1 to be a valid callback, class 'SiteController' does not have a method 'actionIndextsite' in C:\Users\Admin\Documents\GitHub\phpProject\OSPanel\domains\MStore\components\Router.php on line 59
[31-Jul-2019 11:19:12 Europe/Moscow] PHP Warning:  call_user_func_array() expects parameter 1 to be a valid callback, class 'SiteController' does not have a method 'actionIndextsite' in C:\Users\Admin\Documents\GitHub\phpProject\OSPanel\domains\MStore\components\Router.php on line 59
[31-Jul-2019 11:19:12 Europe/Moscow] PHP Warning:  call_user_func_array() expects parameter 1 to be a valid callback, class 'SiteController' does not have a method 'actionIndextsite' in C:\Users\Admin\Documents\GitHub\phpProject\OSPanel\domains\MStore\components\Router.php on line 59
[31-Jul-2019 11:19:18 Europe/Moscow] PHP Warning:  call_user_func_array() expects parameter 1 to be a valid callback, class 'SiteController' does not have a method 'actionIndextsite' in C:\Users\Admin\Documents\GitHub\phpProject\OSPanel\domains\MStore\components\Router.php on line 59
[31-Jul-2019 11:19:19 Europe/Moscow] PHP Warning:  call_user_func_array() expects parameter 1 to be a valid callback, class 'SiteController' does not have a method 'actionIndextsite' in C:\Users\Admin\Documents\GitHub\phpProject\OSPanel\domains\MStore\components\Router.php on line 59
[31-Jul-2019 11:20:15 Europe/Moscow] PHP Warning:  call_user_func_array() expects parameter 1 to be a valid callback, class 'SiteController' does not have a method 'actionIndextsite' in C:\Users\Admin\Documents\GitHub\phpProject\OSPanel\domains\MStore\components\Router.php on line 59
[31-Jul-2019 11:20:15 Europe/Moscow] PHP Warning:  call_user_func_array() expects parameter 1 to be a valid callback, class 'SiteController' does not have a method 'actionIndextsite' in C:\Users\Admin\Documents\GitHub\phpProject\OSPanel\domains\MStore\components\Router.php on line 59
[31-Jul-2019 11:20:15 Europe/Moscow] PHP Warning:  call_user_func_array() expects parameter 1 to be a valid callback, class 'SiteController' does not have a method 'actionIndextsite' in C:\Users\Admin\Documents\GitHub\phpProject\OSPanel\domains\MStore\components\Router.php on line 59
[31-Jul-2019 11:20:15 Europe/Moscow] PHP Warning:  call_user_func_array() expects parameter 1 to be a valid callback, class 'SiteController' does not have a method 'actionIndextsite' in C:\Users\Admin\Documents\GitHub\phpProject\OSPanel\domains\MStore\components\Router.php on line 59
[31-Jul-2019 11:20:40 Europe/Moscow] PHP Warning:  call_user_func_array() expects parameter 1 to be a valid callback, class 'SiteController' does not have a method 'actionIndextsite' in C:\Users\Admin\Documents\GitHub\phpProject\OSPanel\domains\MStore\components\Router.php on line 59
[31-Jul-2019 11:20:40 Europe/Moscow] PHP Warning:  call_user_func_array() expects parameter 1 to be a valid callback, class 'SiteController' does not have a method 'actionIndextsite' in C:\Users\Admin\Documents\GitHub\phpProject\OSPanel\domains\MStore\components\Router.php on line 59
[31-Jul-2019 11:20:51 Europe/Moscow] PHP Warning:  call_user_func_array() expects parameter 1 to be a valid callback, class 'SiteController' does not have a method 'actionIndextsite' in C:\Users\Admin\Documents\GitHub\phpProject\OSPanel\domains\MStore\components\Router.php on line 59
[31-Jul-2019 11:20:51 Europe/Moscow] PHP Warning:  call_user_func_array() expects parameter 1 to be a valid callback, class 'SiteController' does not have a method 'actionIndextsite' in C:\Users\Admin\Documents\GitHub\phpProject\OSPanel\domains\MStore\components\Router.php on line 59
[31-Jul-2019 11:21:05 Europe/Moscow] PHP Warning:  call_user_func_array() expects parameter 1 to be a valid callback, class 'SiteController' does not have a method 'actionIndextsite' in C:\Users\Admin\Documents\GitHub\phpProject\OSPanel\domains\MStore\components\Router.php on line 59
[31-Jul-2019 11:21:05 Europe/Moscow] PHP Warning:  call_user_func_array() expects parameter 1 to be a valid callback, class 'SiteController' does not have a method 'actionIndextsite' in C:\Users\Admin\Documents\GitHub\phpProject\OSPanel\domains\MStore\components\Router.php on line 59
[31-Jul-2019 11:21:13 Europe/Moscow] PHP Warning:  call_user_func_array() expects parameter 1 to be a valid callback, class 'SiteController' does not have a method 'actionIndextsite' in C:\Users\Admin\Documents\GitHub\phpProject\OSPanel\domains\MStore\components\Router.php on line 59
[31-Jul-2019 11:21:13 Europe/Moscow] PHP Warning:  call_user_func_array() expects parameter 1 to be a valid callback, class 'SiteController' does not have a method 'actionIndextsite' in C:\Users\Admin\Documents\GitHub\phpProject\OSPanel\domains\MStore\components\Router.php on line 59
[31-Jul-2019 11:21:31 Europe/Moscow] PHP Warning:  call_user_func_array() expects parameter 1 to be a valid callback, class 'SiteController' does not have a method 'actionIndextsite' in C:\Users\Admin\Documents\GitHub\phpProject\OSPanel\domains\MStore\components\Router.php on line 59
[31-Jul-2019 11:21:31 Europe/Moscow] PHP Warning:  call_user_func_array() expects parameter 1 to be a valid callback, class 'SiteController' does not have a method 'actionIndextsite' in C:\Users\Admin\Documents\GitHub\phpProject\OSPanel\domains\MStore\components\Router.php on line 59
[31-Jul-2019 11:21:35 Europe/Moscow] PHP Warning:  call_user_func_array() expects parameter 1 to be a valid callback, class 'SiteController' does not have a method 'actionIndextsite' in C:\Users\Admin\Documents\GitHub\phpProject\OSPanel\domains\MStore\components\Router.php on line 59
[31-Jul-2019 11:21:35 Europe/Moscow] PHP Warning:  call_user_func_array() expects parameter 1 to be a valid callback, class 'SiteController' does not have a method 'actionIndextsite' in C:\Users\Admin\Documents\GitHub\phpProject\OSPanel\domains\MStore\components\Router.php on line 59
[31-Jul-2019 11:22:03 Europe/Moscow] PHP Warning:  call_user_func_array() expects parameter 1 to be a valid callback, class 'SiteController' does not have a method 'actionIndextsite' in C:\Users\Admin\Documents\GitHub\phpProject\OSPanel\domains\MStore\components\Router.php on line 59
[31-Jul-2019 11:22:03 Europe/Moscow] PHP Warning:  call_user_func_array() expects parameter 1 to be a valid callback, class 'SiteController' does not have a method 'actionIndextsite' in C:\Users\Admin\Documents\GitHub\phpProject\OSPanel\domains\MStore\components\Router.php on line 59
[31-Jul-2019 11:22:40 Europe/Moscow] PHP Warning:  call_user_func_array() expects parameter 1 to be a valid callback, class 'SiteController' does not have a method 'actionIndextsite' in C:\Users\Admin\Documents\GitHub\phpProject\OSPanel\domains\MStore\components\Router.php on line 59
[31-Jul-2019 11:22:40 Europe/Moscow] PHP Warning:  call_user_func_array() expects parameter 1 to be a valid callback, class 'SiteController' does not have a method 'actionIndextsite' in C:\Users\Admin\Documents\GitHub\phpProject\OSPanel\domains\MStore\components\Router.php on line 59
[31-Jul-2019 11:24:42 Europe/Moscow] PHP Warning:  call_user_func_array() expects parameter 1 to be a valid callback, class 'SiteController' does not have a method 'actionIndextsite' in C:\Users\Admin\Documents\GitHub\phpProject\OSPanel\domains\MStore\components\Router.php on line 59
[31-Jul-2019 11:24:42 Europe/Moscow] PHP Warning:  call_user_func_array() expects parameter 1 to be a valid callback, class 'SiteController' does not have a method 'actionIndextsite' in C:\Users\Admin\Documents\GitHub\phpProject\OSPanel\domains\MStore\components\Router.php on line 59
[31-Jul-2019 11:25:31 Europe/Moscow] PHP Warning:  call_user_func_array() expects parameter 1 to be a valid callback, class 'SiteController' does not have a method 'actionIndextsite' in C:\Users\Admin\Documents\GitHub\phpProject\OSPanel\domains\MStore\components\Router.php on line 59
[31-Jul-2019 11:25:31 Europe/Moscow] PHP Warning:  call_user_func_array() expects parameter 1 to be a valid callback, class 'SiteController' does not have a method 'actionIndextsite' in C:\Users\Admin\Documents\GitHub\phpProject\OSPanel\domains\MStore\components\Router.php on line 59
